#
# There is insufficient memory for the Java Runtime Environment to continue.
# Native memory allocation (malloc) failed to allocate 879136 bytes for Chunk::new
# Possible reasons:
#   The system is out of physical RAM or swap space
#   The process is running with CompressedOops enabled, and the Java Heap may be blocking the growth of the native heap
# Possible solutions:
#   Reduce memory load on the system
#   Increase physical memory or swap space
#   Check if swap backing store is full
#   Decrease Java heap size (-Xmx/-Xms)
#   Decrease number of Java threads
#   Decrease Java thread stack sizes (-Xss)
#   Set larger code cache with -XX:ReservedCodeCacheSize=
#   JVM is running with Unscaled Compressed Oops mode in which the Java heap is
#     placed in the first 4GB address space. The Java Heap base address is the
#     maximum limit for the native heap growth. Please use -XX:HeapBaseMinAddress
#     to set the Java Heap base and to place the Java Heap above 4GB virtual address.
# This output file may be truncated or incomplete.
#
#  Out of Memory Error (allocation.cpp:389), pid=9756, tid=0x0000000000000b04
#
# JRE version: OpenJDK Runtime Environment (8.0_242-b01) (build 1.8.0_242-release-1644-b01)
# Java VM: OpenJDK 64-Bit Server VM (25.242-b01 mixed mode windows-amd64 compressed oops)
# Failed to write core dump. Minidumps are not enabled by default on client versions of Windows
#

---------------  T H R E A D  ---------------

Current thread (0x000000001639a000):  JavaThread "C2 CompilerThread0" daemon [_thread_in_native, id=2820, stack(0x0000000018a70000,0x0000000018b70000)]

Stack: [0x0000000018a70000,0x0000000018b70000]
[error occurred during error reporting (printing stack bounds), id 0xc0000005]

Native frames: (J=compiled Java code, j=interpreted, Vv=VM code, C=native code)


Current CompileTask:
C2:2064363 17615       4       com.android.tools.r8.dex.j::e (498 bytes)


---------------  P R O C E S S  ---------------

Java Threads: ( => current thread )
  0x000000001d4be800 JavaThread "ForkJoinPool-12-worker-0" daemon [_thread_blocked, id=10212, stack(0x000000002a270000,0x000000002a370000)]
  0x000000001d4be000 JavaThread "ForkJoinPool-12-worker-7" daemon [_thread_blocked, id=11920, stack(0x000000002a170000,0x000000002a270000)]
  0x000000001d4c1800 JavaThread "ForkJoinPool-12-worker-6" daemon [_thread_blocked, id=11528, stack(0x000000002a070000,0x000000002a170000)]
  0x000000001d4c3000 JavaThread "ForkJoinPool-12-worker-5" daemon [_thread_blocked, id=12252, stack(0x0000000029f70000,0x000000002a070000)]
  0x000000001d4c1000 JavaThread "ForkJoinPool-12-worker-4" daemon [_thread_blocked, id=8836, stack(0x0000000029e70000,0x0000000029f70000)]
  0x000000001d4bf800 JavaThread "ForkJoinPool-12-worker-3" daemon [_thread_blocked, id=1352, stack(0x0000000029d70000,0x0000000029e70000)]
  0x000000001d4c2800 JavaThread "ForkJoinPool-12-worker-2" daemon [_thread_blocked, id=11640, stack(0x0000000029c70000,0x0000000029d70000)]
  0x000000001d4bd000 JavaThread "ForkJoinPool-12-worker-1" daemon [_thread_blocked, id=556, stack(0x0000000029b70000,0x0000000029c70000)]
  0x000000001d4b5000 JavaThread "WorkerExecutor Queue Thread 8" [_thread_blocked, id=4780, stack(0x0000000029870000,0x0000000029970000)]
  0x000000001d4bb000 JavaThread "WorkerExecutor Queue Thread 7" [_thread_blocked, id=1924, stack(0x0000000029770000,0x0000000029870000)]
  0x000000001d4b8800 JavaThread "WorkerExecutor Queue Thread 6" [_thread_blocked, id=8280, stack(0x0000000029670000,0x0000000029770000)]
  0x000000001d4b6800 JavaThread "WorkerExecutor Queue Thread 5" [_thread_blocked, id=8160, stack(0x00000000273d0000,0x00000000274d0000)]
  0x000000001d4b9800 JavaThread "WorkerExecutor Queue Thread 4" [_thread_in_Java, id=1480, stack(0x00000000272d0000,0x00000000273d0000)]
  0x000000001d4b5800 JavaThread "Cache worker for Java compile cache (D:\ProjectAndroid\.gradle\5.6.4\javaCompile)" [_thread_blocked, id=10708, stack(0x00000000271d0000,0x00000000272d0000)]
  0x000000001d4ba000 JavaThread "WorkerExecutor Queue Thread 3" [_thread_blocked, id=8336, stack(0x0000000026ed0000,0x0000000026fd0000)]
  0x0000000022173800 JavaThread "WorkerExecutor Queue Thread 2" [_thread_blocked, id=9740, stack(0x0000000026510000,0x0000000026610000)]
  0x0000000022172000 JavaThread "stdout" [_thread_in_native, id=11700, stack(0x0000000026dd0000,0x0000000026ed0000)]
  0x0000000022171000 JavaThread "stderr" [_thread_in_native, id=1808, stack(0x0000000026680000,0x0000000026780000)]
  0x0000000022170800 JavaThread "pool-12-thread-1" [_thread_blocked, id=2368, stack(0x0000000026410000,0x0000000026510000)]
  0x0000000022174000 JavaThread "WorkerExecutor Queue" [_thread_blocked, id=10616, stack(0x0000000026310000,0x0000000026410000)]
  0x000000002216f800 JavaThread "Cache worker for execution history cache (D:\ProjectAndroid\.gradle\5.6.4\executionHistory)" [_thread_blocked, id=5468, stack(0x0000000025fd0000,0x00000000260d0000)]
  0x0000000022169800 JavaThread "Execution worker for ':' Thread 7" [_thread_blocked, id=4084, stack(0x0000000025ed0000,0x0000000025fd0000)]
  0x0000000022168800 JavaThread "Execution worker for ':' Thread 6" [_thread_blocked, id=4116, stack(0x0000000025950000,0x0000000025a50000)]
  0x000000002216c000 JavaThread "Execution worker for ':' Thread 5" [_thread_blocked, id=784, stack(0x0000000025850000,0x0000000025950000)]
  0x0000000022168000 JavaThread "Execution worker for ':' Thread 4" [_thread_blocked, id=7180, stack(0x00000000253e0000,0x00000000254e0000)]
  0x000000002216f000 JavaThread "Execution worker for ':' Thread 3" [_thread_blocked, id=9168, stack(0x00000000252e0000,0x00000000253e0000)]
  0x000000002216e000 JavaThread "Execution worker for ':' Thread 2" [_thread_blocked, id=2224, stack(0x0000000024be0000,0x0000000024ce0000)]
  0x000000002216d800 JavaThread "Execution worker for ':'" [_thread_blocked, id=6672, stack(0x00000000240e0000,0x00000000241e0000)]
  0x000000002216a800 JavaThread "Cache worker for file content cache (D:\ProjectAndroid\.gradle\5.6.4\fileContent)" [_thread_blocked, id=6584, stack(0x00000000233e0000,0x00000000234e0000)]
  0x0000000022166800 JavaThread "Cache worker for Build Output Cleanup Cache (D:\ProjectAndroid\.gradle\buildOutputCleanup)" [_thread_blocked, id=10576, stack(0x0000000022a10000,0x0000000022b10000)]
  0x0000000022167000 JavaThread "Build operations Thread 8" [_thread_blocked, id=9892, stack(0x00000000218f0000,0x00000000219f0000)]
  0x000000002216b000 JavaThread "Build operations Thread 7" [_thread_blocked, id=8704, stack(0x00000000217f0000,0x00000000218f0000)]
  0x0000000022165800 JavaThread "Build operations Thread 6" [_thread_blocked, id=10464, stack(0x00000000216f0000,0x00000000217f0000)]
  0x0000000022165000 JavaThread "Build operations Thread 5" [_thread_blocked, id=6564, stack(0x00000000215f0000,0x00000000216f0000)]
  0x0000000020e79000 JavaThread "Build operations Thread 4" [_thread_blocked, id=12100, stack(0x00000000214f0000,0x00000000215f0000)]
  0x0000000020e7f800 JavaThread "Build operations Thread 3" [_thread_blocked, id=9952, stack(0x00000000213f0000,0x00000000214f0000)]
  0x0000000020e78000 JavaThread "Build operations Thread 2" [_thread_blocked, id=3700, stack(0x00000000212f0000,0x00000000213f0000)]
  0x0000000020e7f000 JavaThread "Build operations" [_thread_blocked, id=10008, stack(0x0000000020120000,0x0000000020220000)]
  0x0000000020e7e000 JavaThread "Cache worker for cache directory md-rule (C:\Users\Khanh\.gradle\caches\5.6.4\md-rule)" [_thread_blocked, id=6676, stack(0x000000001fa00000,0x000000001fb00000)]
  0x0000000020e7d800 JavaThread "Cache worker for cache directory md-supplier (C:\Users\Khanh\.gradle\caches\5.6.4\md-supplier)" [_thread_blocked, id=8848, stack(0x000000001e260000,0x000000001e360000)]
  0x0000000020e7b000 JavaThread "Cache worker for file hash cache (D:\ProjectAndroid\.gradle\5.6.4\fileHashes)" [_thread_blocked, id=1744, stack(0x000000001c790000,0x000000001c890000)]
  0x0000000020e70800 JavaThread "Thread-221" [_thread_blocked, id=5644, stack(0x000000001c690000,0x000000001c790000)]
  0x0000000020e71800 JavaThread "Stdin handler" [_thread_blocked, id=3176, stack(0x000000001c590000,0x000000001c690000)]
  0x0000000020e75000 JavaThread "Asynchronous log dispatcher for DefaultDaemonConnection: socket connection from /127.0.0.1:55131 to /127.0.0.1:55273" [_thread_blocked, id=11712, stack(0x000000001c290000,0x000000001c390000)]
  0x0000000020e76800 JavaThread "Daemon worker Thread 4" [_thread_blocked, id=11476, stack(0x000000001c190000,0x000000001c290000)]
  0x0000000020e76000 JavaThread "Cancel handler" [_thread_blocked, id=2824, stack(0x0000000000990000,0x0000000000a90000)]
  0x0000000020e74800 JavaThread "Handler for socket connection from /127.0.0.1:55131 to /127.0.0.1:55273" [_thread_in_native, id=8856, stack(0x0000000000890000,0x0000000000990000)]
  0x0000000020e73800 JavaThread "Daemon Thread 4" [_thread_blocked, id=9280, stack(0x0000000000790000,0x0000000000890000)]
  0x000000001d4c4000 JavaThread "Cache worker for Java compile cache (C:\Users\Khanh\.gradle\caches\5.6.4\javaCompile)" [_thread_blocked, id=3024, stack(0x0000000025500000,0x0000000025600000)]
  0x0000000020e7a800 JavaThread "Cache worker for file content cache (C:\Users\Khanh\.gradle\caches\5.6.4\fileContent)" [_thread_blocked, id=9980, stack(0x0000000023fe0000,0x00000000240e0000)]
  0x0000000020e73000 JavaThread "Memory manager" [_thread_blocked, id=1304, stack(0x0000000023ee0000,0x0000000023fe0000)]
  0x000000001ad37000 JavaThread "Cache worker for execution history cache (C:\Users\Khanh\.gradle\caches\5.6.4\executionHistory)" [_thread_blocked, id=8680, stack(0x0000000020220000,0x0000000020320000)]
  0x000000001ad3b800 JavaThread "Cache worker for journal cache (C:\Users\Khanh\.gradle\caches\journal-1)" [_thread_blocked, id=1128, stack(0x000000001cf90000,0x000000001d090000)]
  0x000000001ad38800 JavaThread "File lock request listener" [_thread_in_native, id=1544, stack(0x000000001ce90000,0x000000001cf90000)]
  0x000000001acb4800 JavaThread "Cache worker for file hash cache (C:\Users\Khanh\.gradle\caches\5.6.4\fileHashes)" [_thread_blocked, id=6140, stack(0x000000001cd90000,0x000000001ce90000)]
  0x000000001abd9800 JavaThread "Daemon periodic checks" [_thread_blocked, id=8468, stack(0x000000001c090000,0x000000001c190000)]
  0x000000001ab78800 JavaThread "Incoming local TCP Connector on port 55131" [_thread_in_native, id=10612, stack(0x000000001be50000,0x000000001bf50000)]
  0x000000001aab6800 JavaThread "Daemon health stats" [_thread_blocked, id=12172, stack(0x000000001b810000,0x000000001b910000)]
  0x00000000181bc000 JavaThread "Service Thread" daemon [_thread_blocked, id=12040, stack(0x0000000018e70000,0x0000000018f70000)]
  0x00000000181ac800 JavaThread "C1 CompilerThread3" daemon [_thread_in_vm, id=3404, stack(0x0000000018d70000,0x0000000018e70000)]
  0x000000001639e800 JavaThread "C2 CompilerThread2" daemon [_thread_in_native, id=9532, stack(0x0000000018c70000,0x0000000018d70000)]
  0x000000001639c000 JavaThread "C2 CompilerThread1" daemon [_thread_in_vm, id=9396, stack(0x0000000018b70000,0x0000000018c70000)]
=>0x000000001639a000 JavaThread "C2 CompilerThread0" daemon [_thread_in_native, id=2820, stack(0x0000000018a70000,0x0000000018b70000)]
  0x00000000181a1000 JavaThread "Attach Listener" daemon [_thread_blocked, id=8920, stack(0x0000000018970000,0x0000000018a70000)]
  0x00000000181a0000 JavaThread "Signal Dispatcher" daemon [_thread_blocked, id=7792, stack(0x0000000018870000,0x0000000018970000)]
  0x000000000252e800 JavaThread "Finalizer" daemon [_thread_blocked, id=4840, stack(0x0000000018670000,0x0000000018770000)]
  0x000000001638c800 JavaThread "Reference Handler" daemon [_thread_blocked, id=4268, stack(0x0000000018570000,0x0000000018670000)]
  0x0000000002432800 JavaThread "main" [_thread_blocked, id=7760, stack(0x0000000002300000,0x0000000002400000)]

Other Threads:
  0x0000000002525800 VMThread [stack: 0x0000000018070000,0x0000000018170000] [id=10260]
  0x00000000181bc800 WatcherThread [stack: 0x0000000018f70000,0x0000000019070000] [id=8640]

VM state:not at safepoint (normal execution)

VM Mutex/Monitor currently owned by a thread:  ([mutex/lock_event])
[0x00000000025c8bf0] CodeCache_lock - owner thread: 0x00000000181ac800

heap address: 0x00000000a0000000, size: 1536 MB, Compressed Oops mode: 32-bit
Narrow klass base: 0x0000000000000000, Narrow klass shift: 3
Compressed class space size: 1073741824 Address: 0x0000000100000000

Heap:
 PSYoungGen      total 228864K, used 191343K [0x00000000e0000000, 0x00000000f3b00000, 0x0000000100000000)
  eden space 217600K, 82% used [0x00000000e0000000,0x00000000eb04a9b0,0x00000000ed480000)
  from space 11264K, 96% used [0x00000000f0a00000,0x00000000f1491590,0x00000000f1500000)
  to   space 27648K, 0% used [0x00000000f2000000,0x00000000f2000000,0x00000000f3b00000)
 ParOldGen       total 76800K, used 57171K [0x00000000a0000000, 0x00000000a4b00000, 0x00000000e0000000)
  object space 76800K, 74% used [0x00000000a0000000,0x00000000a37d4c20,0x00000000a4b00000)
 Metaspace       used 88047K, capacity 93286K, committed 93528K, reserved 1130496K
  class space    used 11672K, capacity 12610K, committed 12632K, reserved 1048576K

Card table byte_map: [0x0000000011990000,0x0000000011ca0000] byte_map_base: 0x0000000011490000

Marking Bits: (ParMarkBitMap*) 0x0000000077cff030
 Begin Bits: [0x00000000126a0000, 0x0000000013ea0000)
 End Bits:   [0x0000000013ea0000, 0x00000000156a0000)

Polling page: 0x0000000000590000

CodeCache: size=245760Kb used=47843Kb max_used=48160Kb free=197916Kb
 bounds [0x00000000025d0000, 0x0000000005520000, 0x00000000115d0000]
 total_blobs=15385 nmethods=14516 adapters=781
 compilation: enabled

Compilation events (10 events):
Event: 2064.306 Thread 0x00000000181ac800 17626       3       java.util.stream.SpinedBuffer::increaseCapacity (11 bytes)
Event: 2064.306 Thread 0x00000000181ac800 nmethod 17626 0x0000000003fa1e90 code [0x0000000003fa2000, 0x0000000003fa22d8]
Event: 2064.320 Thread 0x00000000181ac800 17630       3       com.android.tools.r8.code.P::a (1 bytes)
Event: 2064.321 Thread 0x00000000181ac800 nmethod 17630 0x0000000002a07350 code [0x0000000002a074a0, 0x0000000002a075f0]
Event: 2064.323 Thread 0x00000000181ac800 17632       2       com.android.tools.r8.code.u2::a (1 bytes)
Event: 2064.323 Thread 0x00000000181ac800 nmethod 17632 0x0000000002afbb50 code [0x0000000002afbca0, 0x0000000002afbdf0]
Event: 2064.325 Thread 0x00000000181ac800 17634       1       com.android.tools.r8.code.B::a (1 bytes)
Event: 2064.325 Thread 0x00000000181ac800 nmethod 17634 0x0000000002835090 code [0x00000000028351e0, 0x00000000028352f0]
Event: 2064.331 Thread 0x00000000181ac800 17638       1       com.android.tools.r8.code.e::a (1 bytes)
Event: 2064.331 Thread 0x00000000181ac800 nmethod 17638 0x0000000002836c90 code [0x0000000002836de0, 0x0000000002836ef0]

GC Heap History (10 events):
Event: 869.221 GC heap before
{Heap before GC invocations=16 (full 3):
 PSYoungGen      total 273408K, used 259584K [0x00000000e0000000, 0x00000000f2080000, 0x0000000100000000)
  eden space 259584K, 100% used [0x00000000e0000000,0x00000000efd80000,0x00000000efd80000)
  from space 13824K, 0% used [0x00000000f1300000,0x00000000f1300000,0x00000000f2080000)
  to   space 17920K, 0% used [0x00000000efd80000,0x00000000efd80000,0x00000000f0f00000)
 ParOldGen       total 76800K, used 33122K [0x00000000a0000000, 0x00000000a4b00000, 0x00000000e0000000)
  object space 76800K, 43% used [0x00000000a0000000,0x00000000a2058a48,0x00000000a4b00000)
 Metaspace       used 67373K, capacity 70176K, committed 70488K, reserved 1110016K
  class space    used 9108K, capacity 9691K, committed 9816K, reserved 1048576K
Event: 869.248 GC heap after
Heap after GC invocations=16 (full 3):
 PSYoungGen      total 277504K, used 17908K [0x00000000e0000000, 0x00000000f6b80000, 0x0000000100000000)
  eden space 259584K, 0% used [0x00000000e0000000,0x00000000e0000000,0x00000000efd80000)
  from space 17920K, 99% used [0x00000000efd80000,0x00000000f0efd388,0x00000000f0f00000)
  to   space 22016K, 0% used [0x00000000f5600000,0x00000000f5600000,0x00000000f6b80000)
 ParOldGen       total 76800K, used 36168K [0x00000000a0000000, 0x00000000a4b00000, 0x00000000e0000000)
  object space 76800K, 47% used [0x00000000a0000000,0x00000000a2352030,0x00000000a4b00000)
 Metaspace       used 67373K, capacity 70176K, committed 70488K, reserved 1110016K
  class space    used 9108K, capacity 9691K, committed 9816K, reserved 1048576K
}
Event: 985.697 GC heap before
{Heap before GC invocations=17 (full 3):
 PSYoungGen      total 277504K, used 277492K [0x00000000e0000000, 0x00000000f6b80000, 0x0000000100000000)
  eden space 259584K, 99% used [0x00000000e0000000,0x00000000efd7ffd8,0x00000000efd80000)
  from space 17920K, 99% used [0x00000000efd80000,0x00000000f0efd388,0x00000000f0f00000)
  to   space 22016K, 0% used [0x00000000f5600000,0x00000000f5600000,0x00000000f6b80000)
 ParOldGen       total 76800K, used 36168K [0x00000000a0000000, 0x00000000a4b00000, 0x00000000e0000000)
  object space 76800K, 47% used [0x00000000a0000000,0x00000000a2352030,0x00000000a4b00000)
 Metaspace       used 81109K, capacity 84994K, committed 85208K, reserved 1122304K
  class space    used 10990K, capacity 11726K, committed 11736K, reserved 1048576K
Event: 985.736 GC heap after
Heap after GC invocations=17 (full 3):
 PSYoungGen      total 270336K, used 21994K [0x00000000e0000000, 0x00000000f6b80000, 0x0000000100000000)
  eden space 248320K, 0% used [0x00000000e0000000,0x00000000e0000000,0x00000000ef280000)
  from space 22016K, 99% used [0x00000000f5600000,0x00000000f6b7a8b8,0x00000000f6b80000)
  to   space 31744K, 0% used [0x00000000f2d80000,0x00000000f2d80000,0x00000000f4c80000)
 ParOldGen       total 76800K, used 53701K [0x00000000a0000000, 0x00000000a4b00000, 0x00000000e0000000)
  object space 76800K, 69% used [0x00000000a0000000,0x00000000a34717d8,0x00000000a4b00000)
 Metaspace       used 81109K, capacity 84994K, committed 85208K, reserved 1122304K
  class space    used 10990K, capacity 11726K, committed 11736K, reserved 1048576K
}
Event: 1053.031 GC heap before
{Heap before GC invocations=18 (full 3):
 PSYoungGen      total 270336K, used 270314K [0x00000000e0000000, 0x00000000f6b80000, 0x0000000100000000)
  eden space 248320K, 100% used [0x00000000e0000000,0x00000000ef280000,0x00000000ef280000)
  from space 22016K, 99% used [0x00000000f5600000,0x00000000f6b7a8b8,0x00000000f6b80000)
  to   space 31744K, 0% used [0x00000000f2d80000,0x00000000f2d80000,0x00000000f4c80000)
 ParOldGen       total 76800K, used 53701K [0x00000000a0000000, 0x00000000a4b00000, 0x00000000e0000000)
  object space 76800K, 69% used [0x00000000a0000000,0x00000000a34717d8,0x00000000a4b00000)
 Metaspace       used 84018K, capacity 88340K, committed 88536K, reserved 1126400K
  class space    used 11316K, capacity 12159K, committed 12248K, reserved 1048576K
Event: 1053.054 GC heap after
Heap after GC invocations=18 (full 3):
 PSYoungGen      total 250880K, used 13226K [0x00000000e0000000, 0x00000000f5680000, 0x0000000100000000)
  eden space 237568K, 0% used [0x00000000e0000000,0x00000000e0000000,0x00000000ee800000)
  from space 13312K, 99% used [0x00000000f2d80000,0x00000000f3a6a998,0x00000000f3a80000)
  to   space 28672K, 0% used [0x00000000f3a80000,0x00000000f3a80000,0x00000000f5680000)
 ParOldGen       total 76800K, used 57155K [0x00000000a0000000, 0x00000000a4b00000, 0x00000000e0000000)
  object space 76800K, 74% used [0x00000000a0000000,0x00000000a37d0c20,0x00000000a4b00000)
 Metaspace       used 84018K, capacity 88340K, committed 88536K, reserved 1126400K
  class space    used 11316K, capacity 12159K, committed 12248K, reserved 1048576K
}
Event: 1120.480 GC heap before
{Heap before GC invocations=19 (full 3):
 PSYoungGen      total 250880K, used 250794K [0x00000000e0000000, 0x00000000f5680000, 0x0000000100000000)
  eden space 237568K, 100% used [0x00000000e0000000,0x00000000ee800000,0x00000000ee800000)
  from space 13312K, 99% used [0x00000000f2d80000,0x00000000f3a6a998,0x00000000f3a80000)
  to   space 28672K, 0% used [0x00000000f3a80000,0x00000000f3a80000,0x00000000f5680000)
 ParOldGen       total 76800K, used 57155K [0x00000000a0000000, 0x00000000a4b00000, 0x00000000e0000000)
  object space 76800K, 74% used [0x00000000a0000000,0x00000000a37d0c20,0x00000000a4b00000)
 Metaspace       used 84780K, capacity 89342K, committed 89560K, reserved 1126400K
  class space    used 11354K, capacity 12228K, committed 12248K, reserved 1048576K
Event: 1120.494 GC heap after
Heap after GC invocations=19 (full 3):
 PSYoungGen      total 236032K, used 8677K [0x00000000e0000000, 0x00000000f4300000, 0x0000000100000000)
  eden space 227328K, 0% used [0x00000000e0000000,0x00000000e0000000,0x00000000ede00000)
  from space 8704K, 99% used [0x00000000f3a80000,0x00000000f42f9570,0x00000000f4300000)
  to   space 29184K, 0% used [0x00000000f0a00000,0x00000000f0a00000,0x00000000f2680000)
 ParOldGen       total 76800K, used 57163K [0x00000000a0000000, 0x00000000a4b00000, 0x00000000e0000000)
  object space 76800K, 74% used [0x00000000a0000000,0x00000000a37d2c20,0x00000000a4b00000)
 Metaspace       used 84780K, capacity 89342K, committed 89560K, reserved 1126400K
  class space    used 11354K, capacity 12228K, committed 12248K, reserved 1048576K
}
Event: 2048.990 GC heap before
{Heap before GC invocations=20 (full 3):
 PSYoungGen      total 236032K, used 236005K [0x00000000e0000000, 0x00000000f4300000, 0x0000000100000000)
  eden space 227328K, 100% used [0x00000000e0000000,0x00000000ede00000,0x00000000ede00000)
  from space 8704K, 99% used [0x00000000f3a80000,0x00000000f42f9570,0x00000000f4300000)
  to   space 29184K, 0% used [0x00000000f0a00000,0x00000000f0a00000,0x00000000f2680000)
 ParOldGen       total 76800K, used 57163K [0x00000000a0000000, 0x00000000a4b00000, 0x00000000e0000000)
  object space 76800K, 74% used [0x00000000a0000000,0x00000000a37d2c20,0x00000000a4b00000)
 Metaspace       used 85495K, capacity 90282K, committed 90456K, reserved 1128448K
  class space    used 11399K, capacity 12310K, committed 12376K, reserved 1048576K
Event: 2049.032 GC heap after
Heap after GC invocations=20 (full 3):
 PSYoungGen      total 228864K, used 10821K [0x00000000e0000000, 0x00000000f3b00000, 0x0000000100000000)
  eden space 217600K, 0% used [0x00000000e0000000,0x00000000e0000000,0x00000000ed480000)
  from space 11264K, 96% used [0x00000000f0a00000,0x00000000f1491590,0x00000000f1500000)
  to   space 27648K, 0% used [0x00000000f2000000,0x00000000f2000000,0x00000000f3b00000)
 ParOldGen       total 76800K, used 57171K [0x00000000a0000000, 0x00000000a4b00000, 0x00000000e0000000)
  object space 76800K, 74% used [0x00000000a0000000,0x00000000a37d4c20,0x00000000a4b00000)
 Metaspace       used 85495K, capacity 90282K, committed 90456K, reserved 1128448K
  class space    used 11399K, capacity 12310K, committed 12376K, reserved 1048576K
}

Deoptimization events (10 events):
Event: 2063.104 Thread 0x0000000022168800 Uncommon trap: reason=class_check action=maybe_recompile pc=0x0000000003587974 method=com.sun.tools.javac.code.Types$SameTypeVisitor.visitType(Lcom/sun/tools/javac/code/Type;Lcom/sun/tools/javac/code/Type;)Ljava/lang/Boolean; @ 31
Event: 2063.105 Thread 0x0000000022168800 Uncommon trap: reason=class_check action=maybe_recompile pc=0x0000000004c1b700 method=com.sun.tools.javac.code.Types.covariantReturnType(Lcom/sun/tools/javac/code/Type;Lcom/sun/tools/javac/code/Type;Lcom/sun/tools/javac/util/Warner;)Z @ 17
Event: 2063.105 Thread 0x0000000022168800 Uncommon trap: reason=class_check action=maybe_recompile pc=0x0000000003587974 method=com.sun.tools.javac.code.Types$SameTypeVisitor.visitType(Lcom/sun/tools/javac/code/Type;Lcom/sun/tools/javac/code/Type;)Ljava/lang/Boolean; @ 31
Event: 2063.105 Thread 0x0000000022168800 Uncommon trap: reason=class_check action=maybe_recompile pc=0x0000000003587974 method=com.sun.tools.javac.code.Types$SameTypeVisitor.visitType(Lcom/sun/tools/javac/code/Type;Lcom/sun/tools/javac/code/Type;)Ljava/lang/Boolean; @ 31
Event: 2063.105 Thread 0x0000000022168800 Uncommon trap: reason=class_check action=maybe_recompile pc=0x0000000003587974 method=com.sun.tools.javac.code.Types$SameTypeVisitor.visitType(Lcom/sun/tools/javac/code/Type;Lcom/sun/tools/javac/code/Type;)Ljava/lang/Boolean; @ 31
Event: 2063.315 Thread 0x0000000022168800 Uncommon trap: reason=predicate action=maybe_recompile pc=0x00000000053a8074 method=java.util.ComparableTimSort.reverseRange([Ljava/lang/Object;II)V @ 8
Event: 2063.486 Thread 0x0000000022173800 Uncommon trap: reason=null_check action=make_not_entrant pc=0x0000000004fd1074 method=com.android.tools.r8.s.a.b.h.a(Ljava/lang/Object;)V @ 71
Event: 2063.492 Thread 0x0000000022173800 Uncommon trap: reason=unstable_if action=reinterpret pc=0x00000000047ba3c8 method=com.android.tools.r8.v.a.a.a.h.M.a(Ljava/lang/Object;I)I @ 130
Event: 2063.543 Thread 0x000000001d4b9800 Uncommon trap: reason=class_check action=maybe_recompile pc=0x0000000005373130 method=java.util.Spliterators$1Adapter.hasNext()Z @ 12
Event: 2063.571 Thread 0x000000001d4b9800 Uncommon trap: reason=class_check action=maybe_recompile pc=0x0000000005373130 method=java.util.Spliterators$1Adapter.hasNext()Z @ 12

Classes redefined (0 events):
No events

Internal exceptions (10 events):
Event: 2055.202 Thread 0x0000000022168800 Exception <a 'java/lang/NoSuchMethodError': <clinit>> (0x00000000e451fd98) thrown at [C:\src\AOSP-openjdk-git\hotspot\src\share\vm\prims\jni.cpp, line 1615]
Event: 2055.211 Thread 0x0000000022168800 Exception <a 'java/lang/NoSuchMethodError': <clinit>> (0x00000000e45587b0) thrown at [C:\src\AOSP-openjdk-git\hotspot\src\share\vm\prims\jni.cpp, line 1615]
Event: 2055.336 Thread 0x0000000022174000 Exception <a 'java/lang/NoSuchMethodError': java.lang.Object.lambda$negate$1(Ljava/lang/Object;)Z> (0x00000000e46e1540) thrown at [C:\src\AOSP-openjdk-git\hotspot\src\share\vm\interpreter\linkResolver.cpp, line 620]
Event: 2062.089 Thread 0x0000000022174000 Exception <a 'sun/nio/fs/WindowsException'> (0x00000000e5045d10) thrown at [C:\src\AOSP-openjdk-git\hotspot\src\share\vm\prims\jni.cpp, line 710]
Event: 2062.090 Thread 0x0000000022174000 Exception <a 'sun/nio/fs/WindowsException'> (0x00000000e50461b8) thrown at [C:\src\AOSP-openjdk-git\hotspot\src\share\vm\prims\jni.cpp, line 710]
Event: 2063.327 Thread 0x0000000022173800 Exception <a 'sun/nio/fs/WindowsException'> (0x00000000e7730568) thrown at [C:\src\AOSP-openjdk-git\hotspot\src\share\vm\prims\jni.cpp, line 710]
Event: 2063.501 Thread 0x0000000022173800 Exception <a 'sun/nio/fs/WindowsException'> (0x00000000e78a5748) thrown at [C:\src\AOSP-openjdk-git\hotspot\src\share\vm\prims\jni.cpp, line 710]
Event: 2063.504 Thread 0x0000000022173800 Exception <a 'sun/nio/fs/WindowsException'> (0x00000000e78ecc08) thrown at [C:\src\AOSP-openjdk-git\hotspot\src\share\vm\prims\jni.cpp, line 710]
Event: 2063.506 Thread 0x0000000022173800 Exception <a 'sun/nio/fs/WindowsException'> (0x00000000e78f6ba0) thrown at [C:\src\AOSP-openjdk-git\hotspot\src\share\vm\prims\jni.cpp, line 710]
Event: 2064.140 Thread 0x000000001d4b9800 Exception <a 'sun/nio/fs/WindowsException'> (0x00000000e7d38d78) thrown at [C:\src\AOSP-openjdk-git\hotspot\src\share\vm\prims\jni.cpp, line 710]

Events (10 events):
Event: 2064.331 Thread 0x00000000181ac800 flushing nmethod 0x00000000031a63d0
Event: 2064.331 Thread 0x00000000181ac800 flushing nmethod 0x00000000031b7d90
Event: 2064.331 Thread 0x00000000181ac800 flushing nmethod 0x00000000031ccc90
Event: 2064.331 Thread 0x00000000181ac800 flushing nmethod 0x000000000323c010
Event: 2064.331 Thread 0x00000000181ac800 flushing nmethod 0x000000000323c810
Event: 2064.331 Thread 0x00000000181ac800 flushing nmethod 0x000000000323f290
Event: 2064.331 Thread 0x00000000181ac800 flushing nmethod 0x000000000323f6d0
Event: 2064.331 Thread 0x00000000181ac800 flushing nmethod 0x000000000323fbd0
Event: 2064.331 Thread 0x00000000181ac800 flushing nmethod 0x0000000003244c50
Event: 2064.332 Thread 0x00000000181ac800 flushing nmethod 0x000000000324a990


Dynamic libraries:
0x00007ff6975c0000 - 0x00007ff6975f1000 	C:\Program Files\Android\Android Studio\jre\bin\java.exe
0x00007fff69ae0000 - 0x00007fff69cd0000 	C:\WINDOWS\SYSTEM32\ntdll.dll
0x00007fff68c10000 - 0x00007fff68cc2000 	C:\WINDOWS\System32\KERNEL32.DLL
0x00007fff678b0000 - 0x00007fff67b54000 	C:\WINDOWS\System32\KERNELBASE.dll
0x00007fff69510000 - 0x00007fff695b3000 	C:\WINDOWS\System32\ADVAPI32.dll
0x00007fff67c70000 - 0x00007fff67d0e000 	C:\WINDOWS\System32\msvcrt.dll
0x00007fff69050000 - 0x00007fff690e7000 	C:\WINDOWS\System32\sechost.dll
0x00007fff68400000 - 0x00007fff68520000 	C:\WINDOWS\System32\RPCRT4.dll
0x00007fff68a70000 - 0x00007fff68c04000 	C:\WINDOWS\System32\USER32.dll
0x00007fff67b60000 - 0x00007fff67b81000 	C:\WINDOWS\System32\win32u.dll
0x00007fff68ce0000 - 0x00007fff68d06000 	C:\WINDOWS\System32\GDI32.dll
0x00007fff67540000 - 0x00007fff676d6000 	C:\WINDOWS\System32\gdi32full.dll
0x00007fff677f0000 - 0x00007fff6788e000 	C:\WINDOWS\System32\msvcp_win.dll
0x00007fff66a60000 - 0x00007fff66b5a000 	C:\WINDOWS\System32\ucrtbase.dll
0x00007fff55680000 - 0x00007fff55904000 	C:\WINDOWS\WinSxS\amd64_microsoft.windows.common-controls_6595b64144ccf1df_6.0.18362.959_none_e6c7bbbf130c62bb\COMCTL32.dll
0x00007fff68d10000 - 0x00007fff69045000 	C:\WINDOWS\System32\combase.dll
0x00007fff66ce0000 - 0x00007fff66d60000 	C:\WINDOWS\System32\bcryptPrimitives.dll
0x00007fff67c40000 - 0x00007fff67c6e000 	C:\WINDOWS\System32\IMM32.DLL
0x00000000772b0000 - 0x0000000077382000 	C:\Program Files\Android\Android Studio\jre\jre\bin\msvcr100.dll
0x0000000077530000 - 0x0000000077d7b000 	C:\Program Files\Android\Android Studio\jre\jre\bin\server\jvm.dll
0x00007fff698c0000 - 0x00007fff698c8000 	C:\WINDOWS\System32\PSAPI.DLL
0x00007fff55e00000 - 0x00007fff55e09000 	C:\WINDOWS\SYSTEM32\WSOCK32.dll
0x00007fff5ffc0000 - 0x00007fff5ffca000 	C:\WINDOWS\SYSTEM32\VERSION.dll
0x00007fff63ec0000 - 0x00007fff63ee4000 	C:\WINDOWS\SYSTEM32\WINMM.dll
0x00007fff69230000 - 0x00007fff6929f000 	C:\WINDOWS\System32\WS2_32.dll
0x00007fff63cb0000 - 0x00007fff63cdd000 	C:\WINDOWS\SYSTEM32\winmmbase.dll
0x00007fff66d60000 - 0x00007fff66daa000 	C:\WINDOWS\System32\cfgmgr32.dll
0x00007fff643f0000 - 0x00007fff643ff000 	C:\Program Files\Android\Android Studio\jre\jre\bin\verify.dll
0x00007fff62ea0000 - 0x00007fff62ec9000 	C:\Program Files\Android\Android Studio\jre\jre\bin\java.dll
0x00007fff62df0000 - 0x00007fff62e06000 	C:\Program Files\Android\Android Studio\jre\jre\bin\zip.dll
0x00007fff67d10000 - 0x00007fff683f6000 	C:\WINDOWS\System32\SHELL32.dll
0x00007fff69460000 - 0x00007fff69509000 	C:\WINDOWS\System32\shcore.dll
0x00007fff66db0000 - 0x00007fff67532000 	C:\WINDOWS\System32\windows.storage.dll
0x00007fff66a10000 - 0x00007fff66a33000 	C:\WINDOWS\System32\profapi.dll
0x00007fff669a0000 - 0x00007fff669ea000 	C:\WINDOWS\System32\powrprof.dll
0x00007fff66990000 - 0x00007fff669a0000 	C:\WINDOWS\System32\UMPDC.dll
0x00007fff690f0000 - 0x00007fff69142000 	C:\WINDOWS\System32\shlwapi.dll
0x00007fff669f0000 - 0x00007fff66a01000 	C:\WINDOWS\System32\kernel.appcore.dll
0x00007fff67890000 - 0x00007fff678a7000 	C:\WINDOWS\System32\cryptsp.dll
0x00007fff62dd0000 - 0x00007fff62dea000 	C:\Program Files\Android\Android Studio\jre\jre\bin\net.dll
0x00007fff66200000 - 0x00007fff66267000 	C:\WINDOWS\system32\mswsock.dll
0x00007fff60e20000 - 0x00007fff60e33000 	C:\Program Files\Android\Android Studio\jre\jre\bin\nio.dll
0x00007fff61710000 - 0x00007fff61736000 	C:\Users\Khanh\.gradle\native\30\windows-amd64\native-platform.dll
0x00007fff64370000 - 0x00007fff6437d000 	C:\Program Files\Android\Android Studio\jre\jre\bin\management.dll
0x00007fff65d70000 - 0x00007fff65da3000 	C:\WINDOWS\system32\rsaenh.dll
0x00007fff66b60000 - 0x00007fff66b86000 	C:\WINDOWS\System32\bcrypt.dll
0x00007fff668b0000 - 0x00007fff668d5000 	C:\WINDOWS\SYSTEM32\USERENV.dll
0x00007fff663d0000 - 0x00007fff663dc000 	C:\WINDOWS\SYSTEM32\CRYPTBASE.dll
0x00007fff65f10000 - 0x00007fff65f4a000 	C:\WINDOWS\SYSTEM32\IPHLPAPI.DLL
0x00007fff68cd0000 - 0x00007fff68cd8000 	C:\WINDOWS\System32\NSI.dll
0x00007fff5d450000 - 0x00007fff5d466000 	C:\WINDOWS\SYSTEM32\dhcpcsvc6.DLL
0x00007fff5d430000 - 0x00007fff5d44c000 	C:\WINDOWS\SYSTEM32\dhcpcsvc.DLL
0x00007fff65f50000 - 0x00007fff6601b000 	C:\WINDOWS\SYSTEM32\DNSAPI.dll

VM Arguments:
jvm_args: -Xmx1536m -Dfile.encoding=windows-1252 -Duser.country=US -Duser.language=en -Duser.variant 
java_command: org.gradle.launcher.daemon.bootstrap.GradleDaemon 5.6.4
java_class_path (initial): C:\Users\Khanh\.gradle\wrapper\dists\gradle-5.6.4-all\ankdp27end7byghfw1q2sw75f\gradle-5.6.4\lib\gradle-launcher-5.6.4.jar
Launcher Type: SUN_STANDARD

Environment Variables:
JAVA_HOME=C:\DevPrograms\Java\jdk14.0.1
PATH=C:\Python38\Scripts\;C:\Python38\;C:\Program Files\Java\jdk1.8.0_221\bin;"C:\DevPrograms\Java\jdk14.0.1\bin;C:\Program Files (x86)\Common Files\Oracle\Java\javapath";C:\WINDOWS\system32;C:\WINDOWS;C:\WINDOWS\System32\Wbem;C:\WINDOWS\System32\WindowsPowerShell\v1.0\;C:\WINDOWS\System32\OpenSSH\;C:\Program Files\Intel\WiFi\bin\;C:\Program Files\Common Files\Intel\WirelessCommon\;C:\opencv\build\x64\vc15\bin;D:\wamp64\bin\php\php7.3.5;C:\ProgramData\ComposerSetup\bin;C:\Program Files (x86)\Microsoft SQL Server\100\Tools\Binn\;C:\Program Files\Microsoft SQL Server\100\Tools\Binn\;C:\Program Files\Microsoft SQL Server\100\DTS\Binn\;C:\Program Files (x86)\Microsoft SQL Server\100\Tools\Binn\VSShell\Common7\IDE\;C:\Program Files (x86)\Microsoft Visual Studio 9.0\Common7\IDE\PrivateAssemblies\;C:\Program Files (x86)\Microsoft SQL Server\100\DTS\Binn\;C:\Program Files\Microsoft SQL Server\130\Tools\Binn\;C:\Program Files\nodejs\;C:\ProgramData\chocolatey\bin;C:\Program Files\Git\cmd;C:\Program Files\Java\jdk-14.0.1;;C:\Program Files\Microsoft VS Code\bin;C:\Users\Khanh\AppData\Local\Microsoft\WindowsApps;C:\Users\Khanh\AppData\Roaming\Composer\vendor\bin;C:\Users\Khanh\AppData\Roaming\npm
USERNAME=Khanh
OS=Windows_NT
PROCESSOR_IDENTIFIER=Intel64 Family 6 Model 142 Stepping 10, GenuineIntel



---------------  S Y S T E M  ---------------

OS: Windows 10.0 , 64 bit Build 18362 (10.0.18362.959)

CPU:total 8 (initial active 8) (4 cores per cpu, 2 threads per core) family 6 model 142 stepping 10, cmov, cx8, fxsr, mmx, sse, sse2, sse3, ssse3, sse4.1, sse4.2, popcnt, avx, avx2, aes, clmul, erms, 3dnowpref, lzcnt, ht, tsc, tscinvbit, bmi1, bmi2, adx

Memory: 4k page, physical 4074556k(338288k free), swap 7982140k(5620k free)

vm_info: OpenJDK 64-Bit Server VM (25.242-b01) for windows-amd64 JRE (1.8.0_242-release-1644-b01), built by "builder" with MS VC++ 10.0 (VS2010)

time: Mon Aug 03 07:58:16 2020
timezone: SE Asia Standard Time
elapsed time: 2064 seconds (0d 0h 34m 24s)

