#
# There is insufficient memory for the Java Runtime Environment to continue.
# Native memory allocation (malloc) failed to allocate 1154576 bytes for Chunk::new
# Possible reasons:
#   The system is out of physical RAM or swap space
#   The process is running with CompressedOops enabled, and the Java Heap may be blocking the growth of the native heap
# Possible solutions:
#   Reduce memory load on the system
#   Increase physical memory or swap space
#   Check if swap backing store is full
#   Decrease Java heap size (-Xmx/-Xms)
#   Decrease number of Java threads
#   Decrease Java thread stack sizes (-Xss)
#   Set larger code cache with -XX:ReservedCodeCacheSize=
#   JVM is running with Unscaled Compressed Oops mode in which the Java heap is
#     placed in the first 4GB address space. The Java Heap base address is the
#     maximum limit for the native heap growth. Please use -XX:HeapBaseMinAddress
#     to set the Java Heap base and to place the Java Heap above 4GB virtual address.
# This output file may be truncated or incomplete.
#
#  Out of Memory Error (allocation.cpp:389), pid=8248, tid=0x0000000000002e80
#
# JRE version: OpenJDK Runtime Environment (8.0_242-b01) (build 1.8.0_242-release-1644-b01)
# Java VM: OpenJDK 64-Bit Server VM (25.242-b01 mixed mode windows-amd64 compressed oops)
# Failed to write core dump. Minidumps are not enabled by default on client versions of Windows
#

---------------  T H R E A D  ---------------

Current thread (0x00000000183f1800):  JavaThread "C2 CompilerThread0" daemon [_thread_in_native, id=11904, stack(0x0000000018cc0000,0x0000000018dc0000)]

Stack: [0x0000000018cc0000,0x0000000018dc0000]
[error occurred during error reporting (printing stack bounds), id 0xc0000005]

Native frames: (J=compiled Java code, j=interpreted, Vv=VM code, C=native code)


Current CompileTask:
C2:1074743 13682       4       com.android.tools.r8.code.o1::a (4075 bytes)


---------------  P R O C E S S  ---------------

Java Threads: ( => current thread )
  0x0000000019f02000 JavaThread "ForkJoinPool-5-worker-0" daemon [_thread_blocked, id=6500, stack(0x0000000029aa0000,0x0000000029ba0000)]
  0x0000000019efd800 JavaThread "ForkJoinPool-5-worker-7" daemon [_thread_blocked, id=6276, stack(0x00000000299a0000,0x0000000029aa0000)]
  0x0000000019f00800 JavaThread "ForkJoinPool-5-worker-6" daemon [_thread_blocked, id=6356, stack(0x00000000298a0000,0x00000000299a0000)]
  0x0000000019eff800 JavaThread "ForkJoinPool-5-worker-5" daemon [_thread_blocked, id=11804, stack(0x00000000297a0000,0x00000000298a0000)]
  0x0000000019eff000 JavaThread "ForkJoinPool-5-worker-4" daemon [_thread_blocked, id=10404, stack(0x00000000296a0000,0x00000000297a0000)]
  0x0000000019ef6000 JavaThread "ForkJoinPool-5-worker-3" daemon [_thread_blocked, id=9820, stack(0x00000000295a0000,0x00000000296a0000)]
  0x0000000019ef6800 JavaThread "ForkJoinPool-5-worker-2" daemon [_thread_blocked, id=4880, stack(0x00000000294a0000,0x00000000295a0000)]
  0x0000000019efc800 JavaThread "ForkJoinPool-5-worker-1" daemon [_thread_blocked, id=10276, stack(0x00000000293a0000,0x00000000294a0000)]
  0x0000000019efb000 JavaThread "WorkerExecutor Queue Thread 6" [_thread_blocked, id=1244, stack(0x0000000027dd0000,0x0000000027ed0000)]
  0x0000000019ef8000 JavaThread "WorkerExecutor Queue Thread 5" [_thread_blocked, id=10956, stack(0x00000000280d0000,0x00000000281d0000)]
  0x0000000019ef7800 JavaThread "WorkerExecutor Queue Thread 4" [_thread_in_Java, id=7476, stack(0x0000000027fd0000,0x00000000280d0000)]
  0x0000000019efc000 JavaThread "WorkerExecutor Queue Thread 3" [_thread_blocked, id=3032, stack(0x0000000027ed0000,0x0000000027fd0000)]
  0x0000000019efa800 JavaThread "Cache worker for Java compile cache (D:\ProjectAndroid\.gradle\5.6.4\javaCompile)" [_thread_blocked, id=2460, stack(0x00000000276d0000,0x00000000277d0000)]
  0x0000000019ef9800 JavaThread "Cache worker for Java compile cache (C:\Users\Khanh\.gradle\caches\5.6.4\javaCompile)" [_thread_blocked, id=3256, stack(0x00000000275d0000,0x00000000276d0000)]
  0x0000000019f24800 JavaThread "WorkerExecutor Queue Thread 2" [_thread_blocked, id=9180, stack(0x0000000025ee0000,0x0000000025fe0000)]
  0x0000000019f2a800 JavaThread "stdout" [_thread_in_native, id=6152, stack(0x0000000025de0000,0x0000000025ee0000)]
  0x0000000019f27000 JavaThread "stderr" [_thread_in_native, id=12112, stack(0x0000000025ce0000,0x0000000025de0000)]
  0x000000001af52800 JavaThread "pool-5-thread-1" [_thread_blocked, id=12044, stack(0x00000000259e0000,0x0000000025ae0000)]
  0x000000001af4c000 JavaThread "WorkerExecutor Queue" [_thread_blocked, id=2964, stack(0x00000000256e0000,0x00000000257e0000)]
  0x000000001af4f800 JavaThread "Cache worker for execution history cache (D:\ProjectAndroid\.gradle\5.6.4\executionHistory)" [_thread_blocked, id=896, stack(0x00000000255e0000,0x00000000256e0000)]
  0x000000001af4d000 JavaThread "Execution worker for ':' Thread 7" [_thread_blocked, id=928, stack(0x00000000252e0000,0x00000000253e0000)]
  0x000000001af51800 JavaThread "Execution worker for ':' Thread 6" [_thread_blocked, id=888, stack(0x00000000251e0000,0x00000000252e0000)]
  0x000000001af4e000 JavaThread "Execution worker for ':' Thread 5" [_thread_blocked, id=8680, stack(0x0000000024ee0000,0x0000000024fe0000)]
  0x000000001af4b800 JavaThread "Execution worker for ':' Thread 4" [_thread_blocked, id=9740, stack(0x0000000024de0000,0x0000000024ee0000)]
  0x000000001af50000 JavaThread "Execution worker for ':' Thread 3" [_thread_blocked, id=6456, stack(0x0000000024ce0000,0x0000000024de0000)]
  0x000000001af4e800 JavaThread "Execution worker for ':' Thread 2" [_thread_blocked, id=11456, stack(0x0000000024be0000,0x0000000024ce0000)]
  0x000000001af44800 JavaThread "Execution worker for ':'" [_thread_blocked, id=7760, stack(0x0000000024ae0000,0x0000000024be0000)]
  0x000000001af4a000 JavaThread "Cache worker for file content cache (D:\ProjectAndroid\.gradle\5.6.4\fileContent)" [_thread_blocked, id=11320, stack(0x00000000243e0000,0x00000000244e0000)]
  0x000000001af44000 JavaThread "Cache worker for Build Output Cleanup Cache (D:\ProjectAndroid\.gradle\buildOutputCleanup)" [_thread_blocked, id=8080, stack(0x0000000022dd0000,0x0000000022ed0000)]
  0x000000001af4a800 JavaThread "Build operations Thread 8" [_thread_blocked, id=11120, stack(0x0000000022cd0000,0x0000000022dd0000)]
  0x000000001af45800 JavaThread "Build operations Thread 7" [_thread_blocked, id=10208, stack(0x0000000022bd0000,0x0000000022cd0000)]
  0x000000001af48800 JavaThread "Build operations Thread 6" [_thread_blocked, id=10012, stack(0x0000000022ad0000,0x0000000022bd0000)]
  0x000000001af47800 JavaThread "Build operations Thread 5" [_thread_blocked, id=9980, stack(0x00000000229d0000,0x0000000022ad0000)]
  0x000000001af43000 JavaThread "Build operations Thread 4" [_thread_blocked, id=9396, stack(0x00000000228d0000,0x00000000229d0000)]
  0x0000000020a88800 JavaThread "Build operations Thread 3" [_thread_blocked, id=10212, stack(0x00000000227d0000,0x00000000228d0000)]
  0x0000000020a88000 JavaThread "Build operations Thread 2" [_thread_blocked, id=1580, stack(0x00000000226d0000,0x00000000227d0000)]
  0x0000000020a87000 JavaThread "Build operations" [_thread_blocked, id=11312, stack(0x00000000225d0000,0x00000000226d0000)]
  0x0000000020a85000 JavaThread "Cache worker for cache directory md-rule (C:\Users\Khanh\.gradle\caches\5.6.4\md-rule)" [_thread_blocked, id=11236, stack(0x000000001cce0000,0x000000001cde0000)]
  0x0000000020a7c000 JavaThread "Cache worker for cache directory md-supplier (C:\Users\Khanh\.gradle\caches\5.6.4\md-supplier)" [_thread_blocked, id=3668, stack(0x000000001cbe0000,0x000000001cce0000)]
  0x0000000020a82800 JavaThread "Cache worker for file hash cache (D:\ProjectAndroid\.gradle\5.6.4\fileHashes)" [_thread_blocked, id=1584, stack(0x000000001c9e0000,0x000000001cae0000)]
  0x0000000020a7e000 JavaThread "Thread-71" [_thread_blocked, id=10028, stack(0x000000001c8e0000,0x000000001c9e0000)]
  0x0000000020a7f800 JavaThread "Stdin handler" [_thread_blocked, id=872, stack(0x000000001c7e0000,0x000000001c8e0000)]
  0x0000000020a7f000 JavaThread "Asynchronous log dispatcher for DefaultDaemonConnection: socket connection from /127.0.0.1:55278 to /127.0.0.1:55347" [_thread_blocked, id=5644, stack(0x000000001c4e0000,0x000000001c5e0000)]
  0x0000000020a7b000 JavaThread "Daemon worker Thread 3" [_thread_blocked, id=3636, stack(0x000000001c3e0000,0x000000001c4e0000)]
  0x0000000020a7d800 JavaThread "Cancel handler" [_thread_blocked, id=11052, stack(0x0000000000c10000,0x0000000000d10000)]
  0x0000000020a81000 JavaThread "Handler for socket connection from /127.0.0.1:55278 to /127.0.0.1:55347" [_thread_in_native, id=4564, stack(0x0000000000b10000,0x0000000000c10000)]
  0x0000000020a80800 JavaThread "Daemon Thread 3" [_thread_blocked, id=10064, stack(0x00000000008f0000,0x00000000009f0000)]
  0x0000000020a86800 JavaThread "Cache worker for file content cache (C:\Users\Khanh\.gradle\caches\5.6.4\fileContent)" [_thread_blocked, id=2024, stack(0x00000000242e0000,0x00000000243e0000)]
  0x0000000020a8a000 JavaThread "Memory manager" [_thread_blocked, id=1000, stack(0x00000000239b0000,0x0000000023ab0000)]
  0x0000000020a82000 JavaThread "Cache worker for execution history cache (C:\Users\Khanh\.gradle\caches\5.6.4\executionHistory)" [_thread_blocked, id=11692, stack(0x00000000224d0000,0x00000000225d0000)]
  0x0000000019f2a000 JavaThread "Cache worker for journal cache (C:\Users\Khanh\.gradle\caches\journal-1)" [_thread_blocked, id=8636, stack(0x000000001d1e0000,0x000000001d2e0000)]
  0x0000000019f25800 JavaThread "File lock request listener" [_thread_in_native, id=12128, stack(0x000000001d0e0000,0x000000001d1e0000)]
  0x0000000019f2b800 JavaThread "Cache worker for file hash cache (C:\Users\Khanh\.gradle\caches\5.6.4\fileHashes)" [_thread_blocked, id=292, stack(0x000000001cfe0000,0x000000001d0e0000)]
  0x000000001ad94800 JavaThread "Daemon periodic checks" [_thread_blocked, id=11984, stack(0x000000001c2e0000,0x000000001c3e0000)]
  0x000000001ad1a000 JavaThread "Incoming local TCP Connector on port 55278" [_thread_in_native, id=12148, stack(0x000000001c0a0000,0x000000001c1a0000)]
  0x000000001ac70800 JavaThread "Daemon health stats" [_thread_blocked, id=11508, stack(0x000000001ba60000,0x000000001bb60000)]
  0x000000001848d800 JavaThread "Service Thread" daemon [_thread_blocked, id=11884, stack(0x00000000190c0000,0x00000000191c0000)]
  0x00000000183fb800 JavaThread "C1 CompilerThread3" daemon [_thread_blocked, id=8900, stack(0x0000000018fc0000,0x00000000190c0000)]
  0x00000000183f7800 JavaThread "C2 CompilerThread2" daemon [_thread_in_native, id=7880, stack(0x0000000018ec0000,0x0000000018fc0000)]
  0x000000001660b000 JavaThread "C2 CompilerThread1" daemon [_thread_in_native, id=9592, stack(0x0000000018dc0000,0x0000000018ec0000)]
=>0x00000000183f1800 JavaThread "C2 CompilerThread0" daemon [_thread_in_native, id=11904, stack(0x0000000018cc0000,0x0000000018dc0000)]
  0x00000000183f0000 JavaThread "Attach Listener" daemon [_thread_blocked, id=880, stack(0x0000000018bc0000,0x0000000018cc0000)]
  0x00000000183f6800 JavaThread "Signal Dispatcher" daemon [_thread_blocked, id=6752, stack(0x0000000018ac0000,0x0000000018bc0000)]
  0x000000000281e000 JavaThread "Finalizer" daemon [_thread_blocked, id=444, stack(0x00000000188c0000,0x00000000189c0000)]
  0x0000000002817000 JavaThread "Reference Handler" daemon [_thread_blocked, id=7772, stack(0x00000000187c0000,0x00000000188c0000)]
  0x0000000002722800 JavaThread "main" [_thread_blocked, id=10936, stack(0x0000000002620000,0x0000000002720000)]

Other Threads:
  0x00000000165f6800 VMThread [stack: 0x00000000182c0000,0x00000000183c0000] [id=2616]
  0x000000001848e000 WatcherThread [stack: 0x00000000191c0000,0x00000000192c0000] [id=8472]

VM state:not at safepoint (normal execution)

VM Mutex/Monitor currently owned by a thread: None

heap address: 0x00000000a0000000, size: 1536 MB, Compressed Oops mode: 32-bit
Narrow klass base: 0x0000000000000000, Narrow klass shift: 3
Compressed class space size: 1073741824 Address: 0x0000000100000000

Heap:
 PSYoungGen      total 165376K, used 152820K [0x00000000e0000000, 0x00000000ec000000, 0x0000000100000000)
  eden space 151552K, 91% used [0x00000000e0000000,0x00000000e881a4a0,0x00000000e9400000)
  from space 13824K, 97% used [0x00000000e9a00000,0x00000000ea722e40,0x00000000ea780000)
  to   space 22528K, 0% used [0x00000000eaa00000,0x00000000eaa00000,0x00000000ec000000)
 ParOldGen       total 82432K, used 45655K [0x00000000a0000000, 0x00000000a5080000, 0x00000000e0000000)
  object space 82432K, 55% used [0x00000000a0000000,0x00000000a2c95cc8,0x00000000a5080000)
 Metaspace       used 85236K, capacity 89194K, committed 89304K, reserved 1126400K
  class space    used 11428K, capacity 12212K, committed 12288K, reserved 1048576K

Card table byte_map: [0x0000000011be0000,0x0000000011ef0000] byte_map_base: 0x00000000116e0000

Marking Bits: (ParMarkBitMap*) 0x0000000077cff030
 Begin Bits: [0x00000000128f0000, 0x00000000140f0000)
 End Bits:   [0x00000000140f0000, 0x00000000158f0000)

Polling page: 0x0000000000de0000

CodeCache: size=245760Kb used=36647Kb max_used=36768Kb free=209112Kb
 bounds [0x0000000002820000, 0x0000000004c50000, 0x0000000011820000]
 total_blobs=12617 nmethods=11746 adapters=783
 compilation: enabled

Compilation events (10 events):
Event: 1074.704 Thread 0x00000000183fb800 13827       1       com.android.tools.r8.code.y2::a (1 bytes)
Event: 1074.704 Thread 0x00000000183fb800 nmethod 13827 0x00000000041c5290 code [0x00000000041c53e0, 0x00000000041c54f0]
Event: 1074.705 Thread 0x00000000183fb800 13828       1       com.android.tools.r8.code.X1::a (1 bytes)
Event: 1074.705 Thread 0x00000000183fb800 nmethod 13828 0x0000000004783210 code [0x0000000004783360, 0x0000000004783470]
Event: 1074.709 Thread 0x00000000183fb800 13829       2       com.android.tools.r8.code.T1::a (1 bytes)
Event: 1074.709 Thread 0x00000000183fb800 nmethod 13829 0x0000000002b6f850 code [0x0000000002b6f9a0, 0x0000000002b6faf0]
Event: 1074.719 Thread 0x00000000183fb800 13833       2       com.android.tools.r8.code.f::a (1 bytes)
Event: 1074.719 Thread 0x00000000183fb800 nmethod 13833 0x0000000002c90550 code [0x0000000002c906a0, 0x0000000002c907f0]
Event: 1074.725 Thread 0x00000000183fb800 13834       2       com.android.tools.r8.code.a3::a (11 bytes)
Event: 1074.725 Thread 0x00000000183fb800 nmethod 13834 0x00000000029a41d0 code [0x00000000029a4340, 0x00000000029a44c8]

GC Heap History (10 events):
Event: 17.054 GC heap before
{Heap before GC invocations=20 (full 3):
 PSYoungGen      total 138752K, used 6911K [0x00000000e0000000, 0x00000000eae00000, 0x0000000100000000)
  eden space 123904K, 0% used [0x00000000e0000000,0x00000000e0000000,0x00000000e7900000)
  from space 14848K, 46% used [0x00000000e7900000,0x00000000e7fbfff8,0x00000000e8780000)
  to   space 14336K, 0% used [0x00000000ea000000,0x00000000ea000000,0x00000000eae00000)
 ParOldGen       total 52224K, used 35716K [0x00000000a0000000, 0x00000000a3300000, 0x00000000e0000000)
  object space 52224K, 68% used [0x00000000a0000000,0x00000000a22e1070,0x00000000a3300000)
 Metaspace       used 56947K, capacity 59034K, committed 59096K, reserved 1099776K
  class space    used 7892K, capacity 8388K, committed 8448K, reserved 1048576K
Event: 17.269 GC heap after
Heap after GC invocations=20 (full 3):
 PSYoungGen      total 138752K, used 0K [0x00000000e0000000, 0x00000000eae00000, 0x0000000100000000)
  eden space 123904K, 0% used [0x00000000e0000000,0x00000000e0000000,0x00000000e7900000)
  from space 14848K, 0% used [0x00000000e7900000,0x00000000e7900000,0x00000000e8780000)
  to   space 14336K, 0% used [0x00000000ea000000,0x00000000ea000000,0x00000000eae00000)
 ParOldGen       total 82432K, used 32256K [0x00000000a0000000, 0x00000000a5080000, 0x00000000e0000000)
  object space 82432K, 39% used [0x00000000a0000000,0x00000000a1f80250,0x00000000a5080000)
 Metaspace       used 56856K, capacity 58766K, committed 59096K, reserved 1099776K
  class space    used 7864K, capacity 8338K, committed 8448K, reserved 1048576K
}
Event: 19.389 GC heap before
{Heap before GC invocations=21 (full 3):
 PSYoungGen      total 138752K, used 122573K [0x00000000e0000000, 0x00000000eae00000, 0x0000000100000000)
  eden space 123904K, 98% used [0x00000000e0000000,0x00000000e77b3708,0x00000000e7900000)
  from space 14848K, 0% used [0x00000000e7900000,0x00000000e7900000,0x00000000e8780000)
  to   space 14336K, 0% used [0x00000000ea000000,0x00000000ea000000,0x00000000eae00000)
 ParOldGen       total 82432K, used 32256K [0x00000000a0000000, 0x00000000a5080000, 0x00000000e0000000)
  object space 82432K, 39% used [0x00000000a0000000,0x00000000a1f80250,0x00000000a5080000)
 Metaspace       used 61292K, capacity 63744K, committed 63832K, reserved 1103872K
  class space    used 8511K, capacity 9027K, committed 9088K, reserved 1048576K
Event: 19.403 GC heap after
Heap after GC invocations=21 (full 3):
 PSYoungGen      total 156160K, used 13347K [0x00000000e0000000, 0x00000000ead80000, 0x0000000100000000)
  eden space 142336K, 0% used [0x00000000e0000000,0x00000000e0000000,0x00000000e8b00000)
  from space 13824K, 96% used [0x00000000ea000000,0x00000000ead08ed0,0x00000000ead80000)
  to   space 16384K, 0% used [0x00000000e8d80000,0x00000000e8d80000,0x00000000e9d80000)
 ParOldGen       total 82432K, used 32264K [0x00000000a0000000, 0x00000000a5080000, 0x00000000e0000000)
  object space 82432K, 39% used [0x00000000a0000000,0x00000000a1f82250,0x00000000a5080000)
 Metaspace       used 61292K, capacity 63744K, committed 63832K, reserved 1103872K
  class space    used 8511K, capacity 9027K, committed 9088K, reserved 1048576K
}
Event: 21.038 GC heap before
{Heap before GC invocations=22 (full 3):
 PSYoungGen      total 156160K, used 155683K [0x00000000e0000000, 0x00000000ead80000, 0x0000000100000000)
  eden space 142336K, 100% used [0x00000000e0000000,0x00000000e8b00000,0x00000000e8b00000)
  from space 13824K, 96% used [0x00000000ea000000,0x00000000ead08ed0,0x00000000ead80000)
  to   space 16384K, 0% used [0x00000000e8d80000,0x00000000e8d80000,0x00000000e9d80000)
 ParOldGen       total 82432K, used 32264K [0x00000000a0000000, 0x00000000a5080000, 0x00000000e0000000)
  object space 82432K, 39% used [0x00000000a0000000,0x00000000a1f82250,0x00000000a5080000)
 Metaspace       used 67301K, capacity 70380K, committed 70488K, reserved 1110016K
  class space    used 9412K, capacity 10033K, committed 10112K, reserved 1048576K
Event: 21.052 GC heap after
Heap after GC invocations=22 (full 3):
 PSYoungGen      total 161280K, used 13160K [0x00000000e0000000, 0x00000000ec100000, 0x0000000100000000)
  eden space 144896K, 0% used [0x00000000e0000000,0x00000000e0000000,0x00000000e8d80000)
  from space 16384K, 80% used [0x00000000e8d80000,0x00000000e9a5a060,0x00000000e9d80000)
  to   space 17408K, 0% used [0x00000000eb000000,0x00000000eb000000,0x00000000ec100000)
 ParOldGen       total 82432K, used 32272K [0x00000000a0000000, 0x00000000a5080000, 0x00000000e0000000)
  object space 82432K, 39% used [0x00000000a0000000,0x00000000a1f84250,0x00000000a5080000)
 Metaspace       used 67301K, capacity 70380K, committed 70488K, reserved 1110016K
  class space    used 9412K, capacity 10033K, committed 10112K, reserved 1048576K
}
Event: 188.212 GC heap before
{Heap before GC invocations=23 (full 3):
 PSYoungGen      total 161280K, used 158056K [0x00000000e0000000, 0x00000000ec100000, 0x0000000100000000)
  eden space 144896K, 100% used [0x00000000e0000000,0x00000000e8d80000,0x00000000e8d80000)
  from space 16384K, 80% used [0x00000000e8d80000,0x00000000e9a5a060,0x00000000e9d80000)
  to   space 17408K, 0% used [0x00000000eb000000,0x00000000eb000000,0x00000000ec100000)
 ParOldGen       total 82432K, used 32272K [0x00000000a0000000, 0x00000000a5080000, 0x00000000e0000000)
  object space 82432K, 39% used [0x00000000a0000000,0x00000000a1f84250,0x00000000a5080000)
 Metaspace       used 74477K, capacity 77964K, committed 78168K, reserved 1116160K
  class space    used 10195K, capacity 10865K, committed 10880K, reserved 1048576K
Event: 188.245 GC heap after
Heap after GC invocations=23 (full 3):
 PSYoungGen      total 175104K, used 17380K [0x00000000e0000000, 0x00000000eca00000, 0x0000000100000000)
  eden space 157696K, 0% used [0x00000000e0000000,0x00000000e0000000,0x00000000e9a00000)
  from space 17408K, 99% used [0x00000000eb000000,0x00000000ec0f9340,0x00000000ec100000)
  to   space 22528K, 0% used [0x00000000e9a00000,0x00000000e9a00000,0x00000000eb000000)
 ParOldGen       total 82432K, used 38165K [0x00000000a0000000, 0x00000000a5080000, 0x00000000e0000000)
  object space 82432K, 46% used [0x00000000a0000000,0x00000000a2545668,0x00000000a5080000)
 Metaspace       used 74477K, capacity 77964K, committed 78168K, reserved 1116160K
  class space    used 10195K, capacity 10865K, committed 10880K, reserved 1048576K
}
Event: 1069.751 GC heap before
{Heap before GC invocations=24 (full 3):
 PSYoungGen      total 175104K, used 175076K [0x00000000e0000000, 0x00000000eca00000, 0x0000000100000000)
  eden space 157696K, 100% used [0x00000000e0000000,0x00000000e9a00000,0x00000000e9a00000)
  from space 17408K, 99% used [0x00000000eb000000,0x00000000ec0f9340,0x00000000ec100000)
  to   space 22528K, 0% used [0x00000000e9a00000,0x00000000e9a00000,0x00000000eb000000)
 ParOldGen       total 82432K, used 38165K [0x00000000a0000000, 0x00000000a5080000, 0x00000000e0000000)
  object space 82432K, 46% used [0x00000000a0000000,0x00000000a2545668,0x00000000a5080000)
 Metaspace       used 77330K, capacity 80918K, committed 81112K, reserved 1120256K
  class space    used 10425K, capacity 11148K, committed 11264K, reserved 1048576K
Event: 1069.771 GC heap after
Heap after GC invocations=24 (full 3):
 PSYoungGen      total 165376K, used 13451K [0x00000000e0000000, 0x00000000ec000000, 0x0000000100000000)
  eden space 151552K, 0% used [0x00000000e0000000,0x00000000e0000000,0x00000000e9400000)
  from space 13824K, 97% used [0x00000000e9a00000,0x00000000ea722e40,0x00000000ea780000)
  to   space 22528K, 0% used [0x00000000eaa00000,0x00000000eaa00000,0x00000000ec000000)
 ParOldGen       total 82432K, used 45655K [0x00000000a0000000, 0x00000000a5080000, 0x00000000e0000000)
  object space 82432K, 55% used [0x00000000a0000000,0x00000000a2c95cc8,0x00000000a5080000)
 Metaspace       used 77330K, capacity 80918K, committed 81112K, reserved 1120256K
  class space    used 10425K, capacity 11148K, committed 11264K, reserved 1048576K
}

Deoptimization events (10 events):
Event: 1073.476 Thread 0x0000000019efc000 Uncommon trap: reason=bimorphic action=maybe_recompile pc=0x0000000004271ef8 method=java.util.Map.computeIfAbsent(Ljava/lang/Object;Ljava/util/function/Function;)Ljava/lang/Object; @ 7
Event: 1073.476 Thread 0x0000000019efc000 Uncommon trap: reason=bimorphic action=maybe_recompile pc=0x0000000004271ef8 method=java.util.Map.computeIfAbsent(Ljava/lang/Object;Ljava/util/function/Function;)Ljava/lang/Object; @ 7
Event: 1073.476 Thread 0x0000000019efc000 Uncommon trap: reason=bimorphic action=maybe_recompile pc=0x0000000004271ef8 method=java.util.Map.computeIfAbsent(Ljava/lang/Object;Ljava/util/function/Function;)Ljava/lang/Object; @ 7
Event: 1073.476 Thread 0x0000000019efc000 Uncommon trap: reason=bimorphic action=maybe_recompile pc=0x0000000004271ef8 method=java.util.Map.computeIfAbsent(Ljava/lang/Object;Ljava/util/function/Function;)Ljava/lang/Object; @ 7
Event: 1073.480 Thread 0x0000000019efc000 Uncommon trap: reason=bimorphic action=maybe_recompile pc=0x0000000003e6d1fc method=java.util.stream.StreamOpFlag.fromCharacteristics(Ljava/util/Spliterator;)I @ 14
Event: 1073.492 Thread 0x0000000019efc000 Uncommon trap: reason=speculate_class_check action=maybe_recompile pc=0x0000000002a05464 method=java.util.HashMap.putVal(ILjava/lang/Object;Ljava/lang/Object;ZZ)Ljava/lang/Object; @ 152
Event: 1073.493 Thread 0x0000000019efc000 Uncommon trap: reason=bimorphic action=maybe_recompile pc=0x0000000003e6d1fc method=java.util.stream.StreamOpFlag.fromCharacteristics(Ljava/util/Spliterator;)I @ 14
Event: 1073.497 Thread 0x0000000019efc000 Uncommon trap: reason=bimorphic action=maybe_recompile pc=0x0000000003e6d1fc method=java.util.stream.StreamOpFlag.fromCharacteristics(Ljava/util/Spliterator;)I @ 14
Event: 1073.527 Thread 0x0000000019ef7800 Uncommon trap: reason=class_check action=maybe_recompile pc=0x00000000038b6b70 method=java.util.Spliterators$1Adapter.hasNext()Z @ 12
Event: 1073.544 Thread 0x0000000019ef7800 Uncommon trap: reason=class_check action=maybe_recompile pc=0x00000000038b6b70 method=java.util.Spliterators$1Adapter.hasNext()Z @ 12

Classes redefined (0 events):
No events

Internal exceptions (10 events):
Event: 1071.960 Thread 0x000000001af4b800 Implicit null exception at 0x000000000436b0ef to 0x000000000436b705
Event: 1072.116 Thread 0x000000001af4b800 Implicit null exception at 0x0000000004977758 to 0x000000000497778e
Event: 1072.516 Thread 0x0000000020a7e000 Exception <a 'java/lang/NoSuchMethodError': <clinit>> (0x00000000e430b198) thrown at [C:\src\AOSP-openjdk-git\hotspot\src\share\vm\prims\jni.cpp, line 1615]
Event: 1072.821 Thread 0x000000001af4b800 Exception <a 'java/lang/NoSuchMethodError': <clinit>> (0x00000000e44aeb38) thrown at [C:\src\AOSP-openjdk-git\hotspot\src\share\vm\prims\jni.cpp, line 1615]
Event: 1072.822 Thread 0x000000001af4b800 Exception <a 'java/lang/NoSuchMethodError': <clinit>> (0x00000000e44c3560) thrown at [C:\src\AOSP-openjdk-git\hotspot\src\share\vm\prims\jni.cpp, line 1615]
Event: 1072.834 Thread 0x0000000019ef8000 Exception <a 'java/lang/NoSuchMethodError': java.lang.Object.lambda$static$0(Ljava/lang/String;)Z> (0x00000000e45cb4b8) thrown at [C:\src\AOSP-openjdk-git\hotspot\src\share\vm\interpreter\linkResolver.cpp, line 620]
Event: 1072.849 Thread 0x0000000019efc000 Exception <a 'sun/nio/fs/WindowsException'> (0x00000000e4759bc0) thrown at [C:\src\AOSP-openjdk-git\hotspot\src\share\vm\prims\jni.cpp, line 710]
Event: 1073.374 Thread 0x0000000019efc000 Exception <a 'java/lang/NoSuchMethodError': java.lang.Object.lambda$maxBy$1(Ljava/util/Comparator;Ljava/lang/Object;Ljava/lang/Object;)Ljava/lang/Object;> (0x00000000e4c57d90) thrown at [C:\src\AOSP-openjdk-git\hotspot\src\share\vm\interpreter\linkResolve
Event: 1073.505 Thread 0x0000000019efc000 Exception <a 'sun/nio/fs/WindowsException'> (0x00000000e4f13010) thrown at [C:\src\AOSP-openjdk-git\hotspot\src\share\vm\prims\jni.cpp, line 710]
Event: 1074.444 Thread 0x0000000019ef7800 Exception <a 'sun/nio/fs/WindowsException'> (0x00000000e5323f08) thrown at [C:\src\AOSP-openjdk-git\hotspot\src\share\vm\prims\jni.cpp, line 710]

Events (10 events):
Event: 1074.704 Thread 0x00000000183fb800 flushing nmethod 0x0000000004774810
Event: 1074.704 Thread 0x00000000183fb800 flushing nmethod 0x0000000004782f10
Event: 1074.704 Thread 0x00000000183fb800 flushing nmethod 0x00000000047aa950
Event: 1074.705 Thread 0x00000000183fb800 flushing nmethod 0x00000000047bd590
Event: 1074.728 Thread 0x0000000019ef7800 DEOPT PACKING pc=0x0000000003db3a60 sp=0x00000000280cd630
Event: 1074.728 Thread 0x0000000019ef7800 DEOPT UNPACKING pc=0x00000000028675d0 sp=0x00000000280cd370 mode 0
Event: 1074.728 Thread 0x0000000019ef7800 DEOPT PACKING pc=0x0000000003db3a60 sp=0x00000000280cd650
Event: 1074.728 Thread 0x0000000019ef7800 DEOPT UNPACKING pc=0x00000000028675d0 sp=0x00000000280cd390 mode 0
Event: 1074.729 Thread 0x0000000019ef7800 DEOPT PACKING pc=0x0000000003db3a60 sp=0x00000000280cd650
Event: 1074.729 Thread 0x0000000019ef7800 DEOPT UNPACKING pc=0x00000000028675d0 sp=0x00000000280cd390 mode 0


Dynamic libraries:
0x00007ff6975c0000 - 0x00007ff6975f1000 	C:\Program Files\Android\Android Studio\jre\bin\java.exe
0x00007fff69ae0000 - 0x00007fff69cd0000 	C:\WINDOWS\SYSTEM32\ntdll.dll
0x00007fff68c10000 - 0x00007fff68cc2000 	C:\WINDOWS\System32\KERNEL32.DLL
0x00007fff678b0000 - 0x00007fff67b54000 	C:\WINDOWS\System32\KERNELBASE.dll
0x00007fff69510000 - 0x00007fff695b3000 	C:\WINDOWS\System32\ADVAPI32.dll
0x00007fff67c70000 - 0x00007fff67d0e000 	C:\WINDOWS\System32\msvcrt.dll
0x00007fff69050000 - 0x00007fff690e7000 	C:\WINDOWS\System32\sechost.dll
0x00007fff68400000 - 0x00007fff68520000 	C:\WINDOWS\System32\RPCRT4.dll
0x00007fff68a70000 - 0x00007fff68c04000 	C:\WINDOWS\System32\USER32.dll
0x00007fff67b60000 - 0x00007fff67b81000 	C:\WINDOWS\System32\win32u.dll
0x00007fff68ce0000 - 0x00007fff68d06000 	C:\WINDOWS\System32\GDI32.dll
0x00007fff67540000 - 0x00007fff676d6000 	C:\WINDOWS\System32\gdi32full.dll
0x00007fff677f0000 - 0x00007fff6788e000 	C:\WINDOWS\System32\msvcp_win.dll
0x00007fff66a60000 - 0x00007fff66b5a000 	C:\WINDOWS\System32\ucrtbase.dll
0x00007fff55680000 - 0x00007fff55904000 	C:\WINDOWS\WinSxS\amd64_microsoft.windows.common-controls_6595b64144ccf1df_6.0.18362.959_none_e6c7bbbf130c62bb\COMCTL32.dll
0x00007fff68d10000 - 0x00007fff69045000 	C:\WINDOWS\System32\combase.dll
0x00007fff66ce0000 - 0x00007fff66d60000 	C:\WINDOWS\System32\bcryptPrimitives.dll
0x00007fff67c40000 - 0x00007fff67c6e000 	C:\WINDOWS\System32\IMM32.DLL
0x00000000772b0000 - 0x0000000077382000 	C:\Program Files\Android\Android Studio\jre\jre\bin\msvcr100.dll
0x0000000077530000 - 0x0000000077d7b000 	C:\Program Files\Android\Android Studio\jre\jre\bin\server\jvm.dll
0x00007fff698c0000 - 0x00007fff698c8000 	C:\WINDOWS\System32\PSAPI.DLL
0x00007fff55e00000 - 0x00007fff55e09000 	C:\WINDOWS\SYSTEM32\WSOCK32.dll
0x00007fff5ffc0000 - 0x00007fff5ffca000 	C:\WINDOWS\SYSTEM32\VERSION.dll
0x00007fff63ec0000 - 0x00007fff63ee4000 	C:\WINDOWS\SYSTEM32\WINMM.dll
0x00007fff69230000 - 0x00007fff6929f000 	C:\WINDOWS\System32\WS2_32.dll
0x00007fff63cb0000 - 0x00007fff63cdd000 	C:\WINDOWS\SYSTEM32\winmmbase.dll
0x00007fff66d60000 - 0x00007fff66daa000 	C:\WINDOWS\System32\cfgmgr32.dll
0x00007fff643f0000 - 0x00007fff643ff000 	C:\Program Files\Android\Android Studio\jre\jre\bin\verify.dll
0x00007fff62ea0000 - 0x00007fff62ec9000 	C:\Program Files\Android\Android Studio\jre\jre\bin\java.dll
0x00007fff62df0000 - 0x00007fff62e06000 	C:\Program Files\Android\Android Studio\jre\jre\bin\zip.dll
0x00007fff67d10000 - 0x00007fff683f6000 	C:\WINDOWS\System32\SHELL32.dll
0x00007fff69460000 - 0x00007fff69509000 	C:\WINDOWS\System32\shcore.dll
0x00007fff66db0000 - 0x00007fff67532000 	C:\WINDOWS\System32\windows.storage.dll
0x00007fff66a10000 - 0x00007fff66a33000 	C:\WINDOWS\System32\profapi.dll
0x00007fff669a0000 - 0x00007fff669ea000 	C:\WINDOWS\System32\powrprof.dll
0x00007fff66990000 - 0x00007fff669a0000 	C:\WINDOWS\System32\UMPDC.dll
0x00007fff690f0000 - 0x00007fff69142000 	C:\WINDOWS\System32\shlwapi.dll
0x00007fff669f0000 - 0x00007fff66a01000 	C:\WINDOWS\System32\kernel.appcore.dll
0x00007fff67890000 - 0x00007fff678a7000 	C:\WINDOWS\System32\cryptsp.dll
0x00007fff62dd0000 - 0x00007fff62dea000 	C:\Program Files\Android\Android Studio\jre\jre\bin\net.dll
0x00007fff66200000 - 0x00007fff66267000 	C:\WINDOWS\system32\mswsock.dll
0x00007fff60e20000 - 0x00007fff60e33000 	C:\Program Files\Android\Android Studio\jre\jre\bin\nio.dll
0x00007fff61710000 - 0x00007fff61736000 	C:\Users\Khanh\.gradle\native\30\windows-amd64\native-platform.dll
0x00007fff64370000 - 0x00007fff6437d000 	C:\Program Files\Android\Android Studio\jre\jre\bin\management.dll
0x00007fff65d70000 - 0x00007fff65da3000 	C:\WINDOWS\system32\rsaenh.dll
0x00007fff66b60000 - 0x00007fff66b86000 	C:\WINDOWS\System32\bcrypt.dll
0x00007fff668b0000 - 0x00007fff668d5000 	C:\WINDOWS\SYSTEM32\USERENV.dll
0x00007fff663d0000 - 0x00007fff663dc000 	C:\WINDOWS\SYSTEM32\CRYPTBASE.dll
0x00007fff65f10000 - 0x00007fff65f4a000 	C:\WINDOWS\SYSTEM32\IPHLPAPI.DLL
0x00007fff68cd0000 - 0x00007fff68cd8000 	C:\WINDOWS\System32\NSI.dll
0x00007fff5d450000 - 0x00007fff5d466000 	C:\WINDOWS\SYSTEM32\dhcpcsvc6.DLL
0x00007fff5d430000 - 0x00007fff5d44c000 	C:\WINDOWS\SYSTEM32\dhcpcsvc.DLL
0x00007fff65f50000 - 0x00007fff6601b000 	C:\WINDOWS\SYSTEM32\DNSAPI.dll

VM Arguments:
jvm_args: -Xmx1536m -Dfile.encoding=windows-1252 -Duser.country=US -Duser.language=en -Duser.variant 
java_command: org.gradle.launcher.daemon.bootstrap.GradleDaemon 5.6.4
java_class_path (initial): C:\Users\Khanh\.gradle\wrapper\dists\gradle-5.6.4-all\ankdp27end7byghfw1q2sw75f\gradle-5.6.4\lib\gradle-launcher-5.6.4.jar
Launcher Type: SUN_STANDARD

Environment Variables:
JAVA_HOME=C:\DevPrograms\Java\jdk14.0.1
PATH=C:\Python38\Scripts\;C:\Python38\;C:\Program Files\Java\jdk1.8.0_221\bin;"C:\DevPrograms\Java\jdk14.0.1\bin;C:\Program Files (x86)\Common Files\Oracle\Java\javapath";C:\WINDOWS\system32;C:\WINDOWS;C:\WINDOWS\System32\Wbem;C:\WINDOWS\System32\WindowsPowerShell\v1.0\;C:\WINDOWS\System32\OpenSSH\;C:\Program Files\Intel\WiFi\bin\;C:\Program Files\Common Files\Intel\WirelessCommon\;C:\opencv\build\x64\vc15\bin;D:\wamp64\bin\php\php7.3.5;C:\ProgramData\ComposerSetup\bin;C:\Program Files (x86)\Microsoft SQL Server\100\Tools\Binn\;C:\Program Files\Microsoft SQL Server\100\Tools\Binn\;C:\Program Files\Microsoft SQL Server\100\DTS\Binn\;C:\Program Files (x86)\Microsoft SQL Server\100\Tools\Binn\VSShell\Common7\IDE\;C:\Program Files (x86)\Microsoft Visual Studio 9.0\Common7\IDE\PrivateAssemblies\;C:\Program Files (x86)\Microsoft SQL Server\100\DTS\Binn\;C:\Program Files\Microsoft SQL Server\130\Tools\Binn\;C:\Program Files\nodejs\;C:\ProgramData\chocolatey\bin;C:\Program Files\Git\cmd;C:\Program Files\Java\jdk-14.0.1;;C:\Program Files\Microsoft VS Code\bin;C:\Users\Khanh\AppData\Local\Microsoft\WindowsApps;C:\Users\Khanh\AppData\Roaming\Composer\vendor\bin;C:\Users\Khanh\AppData\Roaming\npm
USERNAME=Khanh
OS=Windows_NT
PROCESSOR_IDENTIFIER=Intel64 Family 6 Model 142 Stepping 10, GenuineIntel



---------------  S Y S T E M  ---------------

OS: Windows 10.0 , 64 bit Build 18362 (10.0.18362.959)

CPU:total 8 (initial active 8) (4 cores per cpu, 2 threads per core) family 6 model 142 stepping 10, cmov, cx8, fxsr, mmx, sse, sse2, sse3, ssse3, sse4.1, sse4.2, popcnt, avx, avx2, aes, clmul, erms, 3dnowpref, lzcnt, ht, tsc, tscinvbit, bmi1, bmi2, adx

Memory: 4k page, physical 4074556k(315072k free), swap 7982140k(5284k free)

vm_info: OpenJDK 64-Bit Server VM (25.242-b01) for windows-amd64 JRE (1.8.0_242-release-1644-b01), built by "builder" with MS VC++ 10.0 (VS2010)

time: Mon Aug 03 08:16:21 2020
timezone: SE Asia Standard Time
elapsed time: 1074 seconds (0d 0h 17m 54s)

