#
# There is insufficient memory for the Java Runtime Environment to continue.
# Native memory allocation (malloc) failed to allocate 2217616 bytes for Chunk::new
# Possible reasons:
#   The system is out of physical RAM or swap space
#   The process is running with CompressedOops enabled, and the Java Heap may be blocking the growth of the native heap
# Possible solutions:
#   Reduce memory load on the system
#   Increase physical memory or swap space
#   Check if swap backing store is full
#   Decrease Java heap size (-Xmx/-Xms)
#   Decrease number of Java threads
#   Decrease Java thread stack sizes (-Xss)
#   Set larger code cache with -XX:ReservedCodeCacheSize=
#   JVM is running with Unscaled Compressed Oops mode in which the Java heap is
#     placed in the first 4GB address space. The Java Heap base address is the
#     maximum limit for the native heap growth. Please use -XX:HeapBaseMinAddress
#     to set the Java Heap base and to place the Java Heap above 4GB virtual address.
# This output file may be truncated or incomplete.
#
#  Out of Memory Error (allocation.cpp:389), pid=7552, tid=0x0000000000002888
#
# JRE version: OpenJDK Runtime Environment (8.0_212-b04) (build 1.8.0_212-release-1586-b04)
# Java VM: OpenJDK 64-Bit Server VM (25.212-b04 mixed mode windows-amd64 compressed oops)
# Failed to write core dump. Minidumps are not enabled by default on client versions of Windows
#

---------------  T H R E A D  ---------------

Current thread (0x0000000018bce000):  JavaThread "C2 CompilerThread1" daemon [_thread_in_native, id=10376, stack(0x00000000195b0000,0x00000000196b0000)]

Stack: [0x00000000195b0000,0x00000000196b0000]
[error occurred during error reporting (printing stack bounds), id 0xc0000005]

Native frames: (J=compiled Java code, j=interpreted, Vv=VM code, C=native code)


Current CompileTask:
C2:  46414 7443       4       org.gradle.internal.instantiation.AbstractClassGenerator::inspectType (559 bytes)


---------------  P R O C E S S  ---------------

Java Threads: ( => current thread )
  0x000000002056d000 JavaThread "Cache worker for execution history cache (D:\ProjectAndroid\.gradle\5.6.4\executionHistory)" [_thread_blocked, id=12960, stack(0x00000000254a0000,0x00000000255a0000)]
  0x000000001e269800 JavaThread "Cache worker for file content cache (D:\ProjectAndroid\.gradle\5.6.4\fileContent)" [_thread_blocked, id=13728, stack(0x0000000024fa0000,0x00000000250a0000)]
  0x000000001e268800 JavaThread "Cache worker for file content cache (C:\Users\Khanh\.gradle\caches\5.6.4\fileContent)" [_thread_blocked, id=5820, stack(0x0000000024ea0000,0x0000000024fa0000)]
  0x000000001e268000 JavaThread "Memory manager" [_thread_blocked, id=6408, stack(0x0000000024b00000,0x0000000024c00000)]
  0x000000001e265800 JavaThread "Cache worker for Build Output Cleanup Cache (D:\ProjectAndroid\.gradle\buildOutputCleanup)" [_thread_blocked, id=10668, stack(0x0000000023330000,0x0000000023430000)]
  0x000000001e265000 JavaThread "Build operations Thread 8" [_thread_blocked, id=14092, stack(0x0000000023c00000,0x0000000023d00000)]
  0x000000001e25d800 JavaThread "Build operations Thread 7" [_thread_blocked, id=2992, stack(0x0000000023b00000,0x0000000023c00000)]
  0x000000001e262000 JavaThread "Build operations Thread 6" [_thread_blocked, id=14912, stack(0x0000000023a00000,0x0000000023b00000)]
  0x000000001e263800 JavaThread "Build operations Thread 5" [_thread_blocked, id=12804, stack(0x0000000023900000,0x0000000023a00000)]
  0x000000001e261000 JavaThread "Build operations Thread 4" [_thread_blocked, id=8180, stack(0x0000000023800000,0x0000000023900000)]
  0x000000001e264000 JavaThread "Build operations Thread 3" [_thread_blocked, id=2396, stack(0x0000000023700000,0x0000000023800000)]
  0x000000001e262800 JavaThread "Build operations Thread 2" [_thread_blocked, id=13284, stack(0x0000000023600000,0x0000000023700000)]
  0x000000001e260800 JavaThread "Build operations" [_thread_blocked, id=3244, stack(0x0000000023500000,0x0000000023600000)]
  0x000000001e25f800 JavaThread "Cache worker for execution history cache (C:\Users\Khanh\.gradle\caches\5.6.4\executionHistory)" [_thread_blocked, id=10972, stack(0x0000000022f30000,0x0000000023030000)]
  0x000000001b685800 JavaThread "Cache worker for cache directory md-rule (C:\Users\Khanh\.gradle\caches\5.6.4\md-rule)" [_thread_blocked, id=2152, stack(0x0000000023030000,0x0000000023130000)]
  0x000000001b685000 JavaThread "Cache worker for cache directory md-supplier (C:\Users\Khanh\.gradle\caches\5.6.4\md-supplier)" [_thread_blocked, id=7620, stack(0x0000000021730000,0x0000000021830000)]
  0x000000001b688000 JavaThread "File lock release action executor" [_thread_blocked, id=5832, stack(0x0000000020030000,0x0000000020130000)]
  0x000000001b689800 JavaThread "Cache worker for file hash cache (D:\ProjectAndroid\.gradle\5.6.4\fileHashes)" [_thread_blocked, id=2860, stack(0x000000001fc70000,0x000000001fd70000)]
  0x000000001b68b800 JavaThread "Cache worker for journal cache (C:\Users\Khanh\.gradle\caches\journal-1)" [_thread_blocked, id=13404, stack(0x000000001d9d0000,0x000000001dad0000)]
  0x000000001b688800 JavaThread "File lock request listener" [_thread_in_native, id=1868, stack(0x000000001d8d0000,0x000000001d9d0000)]
  0x0000000019bb8000 JavaThread "Cache worker for file hash cache (C:\Users\Khanh\.gradle\caches\5.6.4\fileHashes)" [_thread_blocked, id=12696, stack(0x000000001d7d0000,0x000000001d8d0000)]
  0x000000001b5e5000 JavaThread "Thread-9" [_thread_blocked, id=8136, stack(0x000000001d4d0000,0x000000001d5d0000)]
  0x000000001b58c800 JavaThread "Stdin handler" [_thread_blocked, id=12264, stack(0x000000001d3d0000,0x000000001d4d0000)]
  0x000000001b58b800 JavaThread "Asynchronous log dispatcher for DefaultDaemonConnection: socket connection from /127.0.0.1:58251 to /127.0.0.1:58252" [_thread_blocked, id=14984, stack(0x000000001d1d0000,0x000000001d2d0000)]
  0x000000001b597800 JavaThread "Daemon worker" [_thread_in_native, id=6664, stack(0x000000001d0d0000,0x000000001d1d0000)]
  0x000000001b5f6800 JavaThread "Cancel handler" [_thread_blocked, id=14780, stack(0x000000001cfd0000,0x000000001d0d0000)]
  0x000000001b534800 JavaThread "Handler for socket connection from /127.0.0.1:58251 to /127.0.0.1:58252" [_thread_in_native, id=13100, stack(0x000000001ccd0000,0x000000001cdd0000)]
  0x000000001b52f800 JavaThread "Daemon" [_thread_blocked, id=13832, stack(0x000000001cbd0000,0x000000001ccd0000)]
  0x000000001b520800 JavaThread "Daemon periodic checks" [_thread_blocked, id=8392, stack(0x000000001cad0000,0x000000001cbd0000)]
  0x000000001b4b1000 JavaThread "Incoming local TCP Connector on port 58251" [_thread_in_native, id=9504, stack(0x000000001c890000,0x000000001c990000)]
  0x000000001b453800 JavaThread "Daemon health stats" [_thread_blocked, id=13800, stack(0x000000001c250000,0x000000001c350000)]
  0x0000000018c5c000 JavaThread "Service Thread" daemon [_thread_blocked, id=12240, stack(0x00000000198b0000,0x00000000199b0000)]
  0x0000000018bd4000 JavaThread "C1 CompilerThread3" daemon [_thread_blocked, id=12044, stack(0x00000000197b0000,0x00000000198b0000)]
  0x0000000018bd2800 JavaThread "C2 CompilerThread2" daemon [_thread_in_native, id=7192, stack(0x00000000196b0000,0x00000000197b0000)]
=>0x0000000018bce000 JavaThread "C2 CompilerThread1" daemon [_thread_in_native, id=10376, stack(0x00000000195b0000,0x00000000196b0000)]
  0x0000000018bcb000 JavaThread "C2 CompilerThread0" daemon [_thread_blocked, id=11876, stack(0x00000000194b0000,0x00000000195b0000)]
  0x0000000018bca000 JavaThread "Attach Listener" daemon [_thread_blocked, id=12892, stack(0x00000000193b0000,0x00000000194b0000)]
  0x0000000018bc8800 JavaThread "Signal Dispatcher" daemon [_thread_blocked, id=2848, stack(0x00000000192b0000,0x00000000193b0000)]
  0x0000000018bc1000 JavaThread "Finalizer" daemon [_thread_blocked, id=88, stack(0x00000000190a0000,0x00000000191a0000)]
  0x0000000018bc0800 JavaThread "Reference Handler" daemon [_thread_blocked, id=12344, stack(0x0000000018fa0000,0x00000000190a0000)]
  0x0000000002f12800 JavaThread "main" [_thread_blocked, id=9360, stack(0x0000000002dd0000,0x0000000002ed0000)]

Other Threads:
  0x0000000016dc6000 VMThread [stack: 0x0000000018aa0000,0x0000000018ba0000] [id=12436]
  0x0000000018c5c800 WatcherThread [stack: 0x00000000199b0000,0x0000000019ab0000] [id=14964]

VM state:not at safepoint (normal execution)

VM Mutex/Monitor currently owned by a thread: None

heap address: 0x00000000a0000000, size: 1536 MB, Compressed Oops mode: 32-bit
Narrow klass base: 0x0000000000000000, Narrow klass shift: 3
Compressed class space size: 1073741824 Address: 0x0000000100000000

Heap:
 PSYoungGen      total 136192K, used 49227K [0x00000000e0000000, 0x00000000e9880000, 0x0000000100000000)
  eden space 127488K, 31% used [0x00000000e0000000,0x00000000e27c89a0,0x00000000e7c80000)
  from space 8704K, 97% used [0x00000000e9000000,0x00000000e984a3f8,0x00000000e9880000)
  to   space 13824K, 0% used [0x00000000e7d80000,0x00000000e7d80000,0x00000000e8b00000)
 ParOldGen       total 80896K, used 30185K [0x00000000a0000000, 0x00000000a4f00000, 0x00000000e0000000)
  object space 80896K, 37% used [0x00000000a0000000,0x00000000a1d7a6c8,0x00000000a4f00000)
 Metaspace       used 61100K, capacity 63618K, committed 63832K, reserved 1103872K
  class space    used 8531K, capacity 9078K, committed 9088K, reserved 1048576K

Card table byte_map: [0x00000000123d0000,0x00000000126e0000] byte_map_base: 0x0000000011ed0000

Marking Bits: (ParMarkBitMap*) 0x00000000669f9f30
 Begin Bits: [0x00000000130e0000, 0x00000000148e0000)
 End Bits:   [0x00000000148e0000, 0x00000000160e0000)

Polling page: 0x0000000002d60000

CodeCache: size=245760Kb used=20462Kb max_used=20475Kb free=225297Kb
 bounds [0x0000000003010000, 0x0000000004430000, 0x0000000012010000]
 total_blobs=7304 nmethods=6518 adapters=699
 compilation: enabled

Compilation events (10 events):
Event: 46.039 Thread 0x0000000018bcb000 7512       4       sun.invoke.util.BytecodeDescriptor::unparseSig (75 bytes)
Event: 46.057 Thread 0x0000000018bd4000 7513 %     3       sun.nio.cs.SingleByte$Decoder::decodeArrayLoop @ 88 (154 bytes)
Event: 46.060 Thread 0x0000000018bd4000 nmethod 7513% 0x0000000004419f10 code [0x000000000441a2c0, 0x000000000441c348]
Event: 46.060 Thread 0x0000000018bd4000 7514       3       com.google.gson.internal.bind.TypeAdapters$32::create (20 bytes)
Event: 46.060 Thread 0x0000000018bd4000 nmethod 7514 0x00000000043ff510 code [0x00000000043ff680, 0x00000000043ff8d0]
Event: 46.060 Thread 0x0000000018bd4000 7516       3       java.lang.Class::isAnonymousClass (10 bytes)
Event: 46.060 Thread 0x0000000018bd4000 nmethod 7516 0x000000000440bf50 code [0x000000000440c0c0, 0x000000000440c378]
Event: 46.060 Thread 0x0000000018bd4000 7515       1       com.google.gson.reflect.TypeToken::getType (5 bytes)
Event: 46.060 Thread 0x0000000018bd4000 nmethod 7515 0x000000000440bc90 code [0x000000000440bde0, 0x000000000440bef0]
Event: 46.093 Thread 0x0000000018bcb000 nmethod 7512 0x0000000004425550 code [0x0000000004425720, 0x0000000004426c78]

GC Heap History (10 events):
Event: 34.973 GC heap before
{Heap before GC invocations=17 (full 2):
 PSYoungGen      total 94208K, used 94188K [0x00000000e0000000, 0x00000000e6980000, 0x0000000100000000)
  eden space 86016K, 100% used [0x00000000e0000000,0x00000000e5400000,0x00000000e5400000)
  from space 8192K, 99% used [0x00000000e6180000,0x00000000e697b128,0x00000000e6980000)
  to   space 10240K, 0% used [0x00000000e5580000,0x00000000e5580000,0x00000000e5f80000)
 ParOldGen       total 54272K, used 17064K [0x00000000a0000000, 0x00000000a3500000, 0x00000000e0000000)
  object space 54272K, 31% used [0x00000000a0000000,0x00000000a10aa250,0x00000000a3500000)
 Metaspace       used 50213K, capacity 51658K, committed 51840K, reserved 1093632K
  class space    used 6814K, capacity 7180K, committed 7296K, reserved 1048576K
Event: 34.995 GC heap after
Heap after GC invocations=17 (full 2):
 PSYoungGen      total 97792K, used 10235K [0x00000000e0000000, 0x00000000e8100000, 0x0000000100000000)
  eden space 87552K, 0% used [0x00000000e0000000,0x00000000e0000000,0x00000000e5580000)
  from space 10240K, 99% used [0x00000000e5580000,0x00000000e5f7ec88,0x00000000e5f80000)
  to   space 13312K, 0% used [0x00000000e7400000,0x00000000e7400000,0x00000000e8100000)
 ParOldGen       total 54272K, used 21827K [0x00000000a0000000, 0x00000000a3500000, 0x00000000e0000000)
  object space 54272K, 40% used [0x00000000a0000000,0x00000000a1550d90,0x00000000a3500000)
 Metaspace       used 50213K, capacity 51658K, committed 51840K, reserved 1093632K
  class space    used 6814K, capacity 7180K, committed 7296K, reserved 1048576K
}
Event: 37.950 GC heap before
{Heap before GC invocations=18 (full 2):
 PSYoungGen      total 97792K, used 97787K [0x00000000e0000000, 0x00000000e8100000, 0x0000000100000000)
  eden space 87552K, 100% used [0x00000000e0000000,0x00000000e5580000,0x00000000e5580000)
  from space 10240K, 99% used [0x00000000e5580000,0x00000000e5f7ec88,0x00000000e5f80000)
  to   space 13312K, 0% used [0x00000000e7400000,0x00000000e7400000,0x00000000e8100000)
 ParOldGen       total 54272K, used 21827K [0x00000000a0000000, 0x00000000a3500000, 0x00000000e0000000)
  object space 54272K, 40% used [0x00000000a0000000,0x00000000a1550d90,0x00000000a3500000)
 Metaspace       used 56229K, capacity 57946K, committed 58112K, reserved 1099776K
  class space    used 7760K, capacity 8162K, committed 8192K, reserved 1048576K
Event: 37.965 GC heap after
Heap after GC invocations=18 (full 2):
 PSYoungGen      total 118272K, used 9452K [0x00000000e0000000, 0x00000000e8400000, 0x0000000100000000)
  eden space 104960K, 0% used [0x00000000e0000000,0x00000000e0000000,0x00000000e6680000)
  from space 13312K, 71% used [0x00000000e7400000,0x00000000e7d3b2b8,0x00000000e8100000)
  to   space 13824K, 0% used [0x00000000e6680000,0x00000000e6680000,0x00000000e7400000)
 ParOldGen       total 54272K, used 27092K [0x00000000a0000000, 0x00000000a3500000, 0x00000000e0000000)
  object space 54272K, 49% used [0x00000000a0000000,0x00000000a1a753a0,0x00000000a3500000)
 Metaspace       used 56229K, capacity 57946K, committed 58112K, reserved 1099776K
  class space    used 7760K, capacity 8162K, committed 8192K, reserved 1048576K
}
Event: 38.736 GC heap before
{Heap before GC invocations=19 (full 2):
 PSYoungGen      total 118272K, used 24726K [0x00000000e0000000, 0x00000000e8400000, 0x0000000100000000)
  eden space 104960K, 14% used [0x00000000e0000000,0x00000000e0eea718,0x00000000e6680000)
  from space 13312K, 71% used [0x00000000e7400000,0x00000000e7d3b2b8,0x00000000e8100000)
  to   space 13824K, 0% used [0x00000000e6680000,0x00000000e6680000,0x00000000e7400000)
 ParOldGen       total 54272K, used 27092K [0x00000000a0000000, 0x00000000a3500000, 0x00000000e0000000)
  object space 54272K, 49% used [0x00000000a0000000,0x00000000a1a753a0,0x00000000a3500000)
 Metaspace       used 57029K, capacity 58940K, committed 59096K, reserved 1099776K
  class space    used 7903K, capacity 8345K, committed 8448K, reserved 1048576K
Event: 38.779 GC heap after
Heap after GC invocations=19 (full 2):
 PSYoungGen      total 118784K, used 7227K [0x00000000e0000000, 0x00000000e9d80000, 0x0000000100000000)
  eden space 104960K, 0% used [0x00000000e0000000,0x00000000e0000000,0x00000000e6680000)
  from space 13824K, 52% used [0x00000000e6680000,0x00000000e6d8ee58,0x00000000e7400000)
  to   space 13824K, 0% used [0x00000000e9000000,0x00000000e9000000,0x00000000e9d80000)
 ParOldGen       total 54272K, used 27100K [0x00000000a0000000, 0x00000000a3500000, 0x00000000e0000000)
  object space 54272K, 49% used [0x00000000a0000000,0x00000000a1a773a0,0x00000000a3500000)
 Metaspace       used 57029K, capacity 58940K, committed 59096K, reserved 1099776K
  class space    used 7903K, capacity 8345K, committed 8448K, reserved 1048576K
}
Event: 38.779 GC heap before
{Heap before GC invocations=20 (full 3):
 PSYoungGen      total 118784K, used 7227K [0x00000000e0000000, 0x00000000e9d80000, 0x0000000100000000)
  eden space 104960K, 0% used [0x00000000e0000000,0x00000000e0000000,0x00000000e6680000)
  from space 13824K, 52% used [0x00000000e6680000,0x00000000e6d8ee58,0x00000000e7400000)
  to   space 13824K, 0% used [0x00000000e9000000,0x00000000e9000000,0x00000000e9d80000)
 ParOldGen       total 54272K, used 27100K [0x00000000a0000000, 0x00000000a3500000, 0x00000000e0000000)
  object space 54272K, 49% used [0x00000000a0000000,0x00000000a1a773a0,0x00000000a3500000)
 Metaspace       used 57029K, capacity 58940K, committed 59096K, reserved 1099776K
  class space    used 7903K, capacity 8345K, committed 8448K, reserved 1048576K
Event: 39.038 GC heap after
Heap after GC invocations=20 (full 3):
 PSYoungGen      total 118784K, used 0K [0x00000000e0000000, 0x00000000e9d80000, 0x0000000100000000)
  eden space 104960K, 0% used [0x00000000e0000000,0x00000000e0000000,0x00000000e6680000)
  from space 13824K, 0% used [0x00000000e6680000,0x00000000e6680000,0x00000000e7400000)
  to   space 13824K, 0% used [0x00000000e9000000,0x00000000e9000000,0x00000000e9d80000)
 ParOldGen       total 80896K, used 30177K [0x00000000a0000000, 0x00000000a4f00000, 0x00000000e0000000)
  object space 80896K, 37% used [0x00000000a0000000,0x00000000a1d786c8,0x00000000a4f00000)
 Metaspace       used 56945K, capacity 58710K, committed 59096K, reserved 1099776K
  class space    used 7879K, capacity 8302K, committed 8448K, reserved 1048576K
}
Event: 45.009 GC heap before
{Heap before GC invocations=21 (full 3):
 PSYoungGen      total 118784K, used 104960K [0x00000000e0000000, 0x00000000e9d80000, 0x0000000100000000)
  eden space 104960K, 100% used [0x00000000e0000000,0x00000000e6680000,0x00000000e6680000)
  from space 13824K, 0% used [0x00000000e6680000,0x00000000e6680000,0x00000000e7400000)
  to   space 13824K, 0% used [0x00000000e9000000,0x00000000e9000000,0x00000000e9d80000)
 ParOldGen       total 80896K, used 30177K [0x00000000a0000000, 0x00000000a4f00000, 0x00000000e0000000)
  object space 80896K, 37% used [0x00000000a0000000,0x00000000a1d786c8,0x00000000a4f00000)
 Metaspace       used 59291K, capacity 61684K, committed 62040K, reserved 1101824K
  class space    used 8204K, capacity 8717K, committed 8832K, reserved 1048576K
Event: 45.019 GC heap after
Heap after GC invocations=21 (full 3):
 PSYoungGen      total 136192K, used 8488K [0x00000000e0000000, 0x00000000e9880000, 0x0000000100000000)
  eden space 127488K, 0% used [0x00000000e0000000,0x00000000e0000000,0x00000000e7c80000)
  from space 8704K, 97% used [0x00000000e9000000,0x00000000e984a3f8,0x00000000e9880000)
  to   space 13824K, 0% used [0x00000000e7d80000,0x00000000e7d80000,0x00000000e8b00000)
 ParOldGen       total 80896K, used 30185K [0x00000000a0000000, 0x00000000a4f00000, 0x00000000e0000000)
  object space 80896K, 37% used [0x00000000a0000000,0x00000000a1d7a6c8,0x00000000a4f00000)
 Metaspace       used 59291K, capacity 61684K, committed 62040K, reserved 1101824K
  class space    used 8204K, capacity 8717K, committed 8832K, reserved 1048576K
}

Deoptimization events (10 events):
Event: 44.923 Thread 0x000000001b597800 Uncommon trap: reason=bimorphic action=maybe_recompile pc=0x0000000003ae5fd4 method=java.util.HashMap.removeNode(ILjava/lang/Object;Ljava/lang/Object;ZZ)Ljava/util/HashMap$Node; @ 283
Event: 44.923 Thread 0x000000001b597800 Uncommon trap: reason=bimorphic action=maybe_recompile pc=0x0000000003ae5fd4 method=java.util.HashMap.removeNode(ILjava/lang/Object;Ljava/lang/Object;ZZ)Ljava/util/HashMap$Node; @ 283
Event: 44.923 Thread 0x000000001b597800 Uncommon trap: reason=bimorphic action=maybe_recompile pc=0x0000000003ae5fd4 method=java.util.HashMap.removeNode(ILjava/lang/Object;Ljava/lang/Object;ZZ)Ljava/util/HashMap$Node; @ 283
Event: 44.923 Thread 0x000000001b597800 Uncommon trap: reason=bimorphic action=maybe_recompile pc=0x0000000003ae5fd4 method=java.util.HashMap.removeNode(ILjava/lang/Object;Ljava/lang/Object;ZZ)Ljava/util/HashMap$Node; @ 283
Event: 45.681 Thread 0x000000001b597800 Uncommon trap: reason=unstable_if action=reinterpret pc=0x00000000040eb5a4 method=org.objectweb.asm.Type.getType(Ljava/lang/Class;)Lorg/objectweb/asm/Type; @ 33
Event: 45.681 Thread 0x000000001b597800 Uncommon trap: reason=unstable_if action=reinterpret pc=0x00000000043d5964 method=org.objectweb.asm.Type.getArgumentsAndReturnSizes(Ljava/lang/String;)I @ 109
Event: 45.681 Thread 0x000000001b597800 Uncommon trap: reason=unstable_if action=reinterpret pc=0x000000000357f3ac method=org.objectweb.asm.Type.getArgumentsAndReturnSizes(Ljava/lang/String;)I @ 109
Event: 45.681 Thread 0x000000001b597800 Uncommon trap: reason=unstable_if action=reinterpret pc=0x0000000003d926d0 method=org.objectweb.asm.Type.getArgumentsAndReturnSizes(Ljava/lang/String;)I @ 19
Event: 45.710 Thread 0x000000001b597800 Uncommon trap: reason=unstable_if action=reinterpret pc=0x00000000035a0afc method=java.util.TreeMap.put(Ljava/lang/Object;Ljava/lang/Object;)Ljava/lang/Object; @ 163
Event: 46.113 Thread 0x000000001b597800 Uncommon trap: reason=unstable_if action=reinterpret pc=0x0000000003c7346c method=java.lang.String.lastIndexOf([CII[CIII)I @ 17

Classes redefined (0 events):
No events

Internal exceptions (10 events):
Event: 39.824 Thread 0x000000001b5e5000 Exception <a 'java/lang/NoSuchMethodError': <clinit>> (0x00000000e1f9ee90) thrown at [D:\src\AOSP-openjdk-cygwin\jdk8u\hotspot\src\share\vm\prims\jni.cpp, line 1614]
Event: 39.826 Thread 0x000000001b5e5000 Exception <a 'java/lang/NoSuchMethodError': <clinit>> (0x00000000e1fa7c70) thrown at [D:\src\AOSP-openjdk-cygwin\jdk8u\hotspot\src\share\vm\prims\jni.cpp, line 1614]
Event: 40.038 Thread 0x000000001b5e5000 Exception <a 'java/lang/NoSuchMethodError': <clinit>> (0x00000000e22e0ba8) thrown at [D:\src\AOSP-openjdk-cygwin\jdk8u\hotspot\src\share\vm\prims\jni.cpp, line 1614]
Event: 40.042 Thread 0x000000001b5e5000 Exception <a 'java/lang/NoSuchMethodError': <clinit>> (0x00000000e233a058) thrown at [D:\src\AOSP-openjdk-cygwin\jdk8u\hotspot\src\share\vm\prims\jni.cpp, line 1614]
Event: 40.043 Thread 0x000000001b5e5000 Exception <a 'java/lang/NoSuchMethodError': <clinit>> (0x00000000e233bb90) thrown at [D:\src\AOSP-openjdk-cygwin\jdk8u\hotspot\src\share\vm\prims\jni.cpp, line 1614]
Event: 40.043 Thread 0x000000001b5e5000 Exception <a 'java/lang/NoSuchMethodError': <clinit>> (0x00000000e233da20) thrown at [D:\src\AOSP-openjdk-cygwin\jdk8u\hotspot\src\share\vm\prims\jni.cpp, line 1614]
Event: 41.353 Thread 0x000000001b5e5000 Exception <a 'java/lang/NoSuchMethodError': <clinit>> (0x00000000e2b6d238) thrown at [D:\src\AOSP-openjdk-cygwin\jdk8u\hotspot\src\share\vm\prims\jni.cpp, line 1614]
Event: 42.751 Thread 0x000000001e26a000 Exception <a 'java/lang/NoSuchMethodError': <clinit>> (0x00000000e4dbbad8) thrown at [D:\src\AOSP-openjdk-cygwin\jdk8u\hotspot\src\share\vm\prims\jni.cpp, line 1614]
Event: 42.751 Thread 0x000000001e26a000 Exception <a 'java/lang/NoSuchMethodError': <clinit>> (0x00000000e4dbcdf8) thrown at [D:\src\AOSP-openjdk-cygwin\jdk8u\hotspot\src\share\vm\prims\jni.cpp, line 1614]
Event: 45.519 Thread 0x000000001b597800 Exception <a 'java/lang/NoSuchMethodError': java.lang.Object.lambda$identity$2(Ljava/lang/Object;)Ljava/lang/Object;> (0x00000000e111a618) thrown at [D:\src\AOSP-openjdk-cygwin\jdk8u\hotspot\src\share\vm\interpreter\linkResolver.cpp, line 620]

Events (10 events):
Event: 46.117 loading class kotlin/reflect/jvm/internal/impl/storage/LockBasedStorageManager$ExceptionHandlingStrategy$1
Event: 46.117 loading class kotlin/reflect/jvm/internal/impl/storage/LockBasedStorageManager$ExceptionHandlingStrategy$1 done
Event: 46.118 loading class kotlin/reflect/jvm/internal/impl/storage/NoLock
Event: 46.118 loading class kotlin/reflect/jvm/internal/impl/storage/NoLock done
Event: 46.118 loading class kotlin/reflect/jvm/internal/impl/builtins/jvm/JvmBuiltIns
Event: 46.118 loading class kotlin/reflect/jvm/internal/impl/builtins/jvm/JvmBuiltIns done
Event: 46.119 loading class kotlin/reflect/jvm/internal/impl/builtins/jvm/JvmBuiltIns$Kind
Event: 46.119 loading class kotlin/reflect/jvm/internal/impl/builtins/jvm/JvmBuiltIns$Kind done
Event: 46.120 loading class kotlin/reflect/jvm/internal/impl/builtins/KotlinBuiltIns$1
Event: 46.120 loading class kotlin/reflect/jvm/internal/impl/builtins/KotlinBuiltIns$1 done


Dynamic libraries:
0x00007ff71bd90000 - 0x00007ff71bdc1000 	C:\Program Files\Android\Android Studio\jre\bin\java.exe
0x00007ffb38e40000 - 0x00007ffb39030000 	C:\WINDOWS\SYSTEM32\ntdll.dll
0x00007ffb38c70000 - 0x00007ffb38d22000 	C:\WINDOWS\System32\KERNEL32.DLL
0x00007ffb36a60000 - 0x00007ffb36d04000 	C:\WINDOWS\System32\KERNELBASE.dll
0x00007ffb383f0000 - 0x00007ffb38493000 	C:\WINDOWS\System32\ADVAPI32.dll
0x00007ffb38d60000 - 0x00007ffb38dfe000 	C:\WINDOWS\System32\msvcrt.dll
0x00007ffb38350000 - 0x00007ffb383e7000 	C:\WINDOWS\System32\sechost.dll
0x00007ffb37d50000 - 0x00007ffb37e70000 	C:\WINDOWS\System32\RPCRT4.dll
0x00007ffb384a0000 - 0x00007ffb38634000 	C:\WINDOWS\System32\USER32.dll
0x00007ffb36e70000 - 0x00007ffb36e91000 	C:\WINDOWS\System32\win32u.dll
0x00007ffb37f00000 - 0x00007ffb37f26000 	C:\WINDOWS\System32\GDI32.dll
0x00007ffb35dc0000 - 0x00007ffb35f56000 	C:\WINDOWS\System32\gdi32full.dll
0x00007ffb36210000 - 0x00007ffb362ae000 	C:\WINDOWS\System32\msvcp_win.dll
0x00007ffb36110000 - 0x00007ffb3620a000 	C:\WINDOWS\System32\ucrtbase.dll
0x00007ffb1f840000 - 0x00007ffb1fac4000 	C:\WINDOWS\WinSxS\amd64_microsoft.windows.common-controls_6595b64144ccf1df_6.0.18362.959_none_e6c7bbbf130c62bb\COMCTL32.dll
0x00007ffb38010000 - 0x00007ffb38345000 	C:\WINDOWS\System32\combase.dll
0x00007ffb36d10000 - 0x00007ffb36d90000 	C:\WINDOWS\System32\bcryptPrimitives.dll
0x00007ffb38d30000 - 0x00007ffb38d5e000 	C:\WINDOWS\System32\IMM32.DLL
0x0000000065fb0000 - 0x0000000066082000 	C:\Program Files\Android\Android Studio\jre\jre\bin\msvcr100.dll
0x0000000066230000 - 0x0000000066a76000 	C:\Program Files\Android\Android Studio\jre\jre\bin\server\jvm.dll
0x00007ffb38000000 - 0x00007ffb38008000 	C:\WINDOWS\System32\PSAPI.DLL
0x00007ffb24690000 - 0x00007ffb24699000 	C:\WINDOWS\SYSTEM32\WSOCK32.dll
0x00007ffb2b600000 - 0x00007ffb2b60a000 	C:\WINDOWS\SYSTEM32\VERSION.dll
0x00007ffb33460000 - 0x00007ffb33484000 	C:\WINDOWS\SYSTEM32\WINMM.dll
0x00007ffb37a50000 - 0x00007ffb37abf000 	C:\WINDOWS\System32\WS2_32.dll
0x00007ffb33250000 - 0x00007ffb3327d000 	C:\WINDOWS\SYSTEM32\winmmbase.dll
0x00007ffb36ea0000 - 0x00007ffb36eea000 	C:\WINDOWS\System32\cfgmgr32.dll
0x00007ffb2b6d0000 - 0x00007ffb2b6df000 	C:\Program Files\Android\Android Studio\jre\jre\bin\verify.dll
0x00007ffb2b3d0000 - 0x00007ffb2b3f9000 	C:\Program Files\Android\Android Studio\jre\jre\bin\java.dll
0x00007ffb29650000 - 0x00007ffb29666000 	C:\Program Files\Android\Android Studio\jre\jre\bin\zip.dll
0x00007ffb372b0000 - 0x00007ffb37996000 	C:\WINDOWS\System32\SHELL32.dll
0x00007ffb37ac0000 - 0x00007ffb37b69000 	C:\WINDOWS\System32\shcore.dll
0x00007ffb362b0000 - 0x00007ffb36a32000 	C:\WINDOWS\System32\windows.storage.dll
0x00007ffb35d20000 - 0x00007ffb35d43000 	C:\WINDOWS\System32\profapi.dll
0x00007ffb35d70000 - 0x00007ffb35dba000 	C:\WINDOWS\System32\powrprof.dll
0x00007ffb35cf0000 - 0x00007ffb35d00000 	C:\WINDOWS\System32\UMPDC.dll
0x00007ffb37fa0000 - 0x00007ffb37ff2000 	C:\WINDOWS\System32\shlwapi.dll
0x00007ffb35d50000 - 0x00007ffb35d61000 	C:\WINDOWS\System32\kernel.appcore.dll
0x00007ffb36a40000 - 0x00007ffb36a57000 	C:\WINDOWS\System32\cryptsp.dll
0x00007ffb29630000 - 0x00007ffb2964a000 	C:\Program Files\Android\Android Studio\jre\jre\bin\net.dll
0x00007ffb25580000 - 0x00007ffb25756000 	C:\WINDOWS\SYSTEM32\urlmon.dll
0x00007ffb25c10000 - 0x00007ffb25eb6000 	C:\WINDOWS\SYSTEM32\iertutil.dll
0x00007ffb35730000 - 0x00007ffb3573c000 	C:\WINDOWS\SYSTEM32\CRYPTBASE.DLL
0x00007ffb35560000 - 0x00007ffb355c7000 	C:\WINDOWS\system32\mswsock.dll
0x00007ffb29610000 - 0x00007ffb29623000 	C:\Program Files\Android\Android Studio\jre\jre\bin\nio.dll
0x00007ffb29010000 - 0x00007ffb29036000 	C:\Users\Khanh\.gradle\native\30\windows-amd64\native-platform.dll
0x00007ffb29600000 - 0x00007ffb2960d000 	C:\Program Files\Android\Android Studio\jre\jre\bin\management.dll
0x00007ffb350d0000 - 0x00007ffb35103000 	C:\WINDOWS\system32\rsaenh.dll
0x00007ffb36d90000 - 0x00007ffb36db6000 	C:\WINDOWS\System32\bcrypt.dll
0x00007ffb35c10000 - 0x00007ffb35c35000 	C:\WINDOWS\SYSTEM32\USERENV.dll
0x00007ffb35270000 - 0x00007ffb352aa000 	C:\WINDOWS\SYSTEM32\IPHLPAPI.DLL
0x00007ffb37ef0000 - 0x00007ffb37ef8000 	C:\WINDOWS\System32\NSI.dll
0x00007ffb2a8c0000 - 0x00007ffb2a8d6000 	C:\WINDOWS\SYSTEM32\dhcpcsvc6.DLL
0x00007ffb2a8a0000 - 0x00007ffb2a8bc000 	C:\WINDOWS\SYSTEM32\dhcpcsvc.DLL
0x00007ffb352b0000 - 0x00007ffb3537b000 	C:\WINDOWS\SYSTEM32\DNSAPI.dll

VM Arguments:
jvm_args: -Xmx1536m -Dfile.encoding=windows-1252 -Duser.country=US -Duser.language=en -Duser.variant 
java_command: org.gradle.launcher.daemon.bootstrap.GradleDaemon 5.6.4
java_class_path (initial): C:\Users\Khanh\.gradle\wrapper\dists\gradle-5.6.4-all\ankdp27end7byghfw1q2sw75f\gradle-5.6.4\lib\gradle-launcher-5.6.4.jar
Launcher Type: SUN_STANDARD

Environment Variables:
JAVA_HOME=C:\DevPrograms\Java\jdk14.0.1
PATH=C:\Python38\Scripts\;C:\Python38\;C:\Program Files\Java\jdk1.8.0_221\bin;"C:\DevPrograms\Java\jdk14.0.1\bin;C:\Program Files (x86)\Common Files\Oracle\Java\javapath";C:\WINDOWS\system32;C:\WINDOWS;C:\WINDOWS\System32\Wbem;C:\WINDOWS\System32\WindowsPowerShell\v1.0\;C:\WINDOWS\System32\OpenSSH\;C:\Program Files\Intel\WiFi\bin\;C:\Program Files\Common Files\Intel\WirelessCommon\;C:\opencv\build\x64\vc15\bin;D:\wamp64\bin\php\php7.3.5;C:\ProgramData\ComposerSetup\bin;C:\Program Files (x86)\Microsoft SQL Server\100\Tools\Binn\;C:\Program Files\Microsoft SQL Server\100\Tools\Binn\;C:\Program Files\Microsoft SQL Server\100\DTS\Binn\;C:\Program Files (x86)\Microsoft SQL Server\100\Tools\Binn\VSShell\Common7\IDE\;C:\Program Files (x86)\Microsoft Visual Studio 9.0\Common7\IDE\PrivateAssemblies\;C:\Program Files (x86)\Microsoft SQL Server\100\DTS\Binn\;C:\Program Files\Microsoft SQL Server\130\Tools\Binn\;C:\Program Files\nodejs\;C:\ProgramData\chocolatey\bin;C:\Program Files\Git\cmd;C:\Program Files\Java\jdk-14.0.1;;C:\Program Files\Microsoft VS Code\bin;C:\Users\Khanh\AppData\Local\Microsoft\WindowsApps;C:\Users\Khanh\AppData\Roaming\Composer\vendor\bin;C:\Users\Khanh\AppData\Roaming\npm
USERNAME=Khanh
OS=Windows_NT
PROCESSOR_IDENTIFIER=Intel64 Family 6 Model 142 Stepping 10, GenuineIntel



---------------  S Y S T E M  ---------------

OS: Windows 10.0 , 64 bit Build 18362 (10.0.18362.959)

CPU:total 8 (initial active 8) (4 cores per cpu, 2 threads per core) family 6 model 142 stepping 10, cmov, cx8, fxsr, mmx, sse, sse2, sse3, ssse3, sse4.1, sse4.2, popcnt, avx, avx2, aes, clmul, erms, 3dnowpref, lzcnt, ht, tsc, tscinvbit, bmi1, bmi2, adx

Memory: 4k page, physical 4074556k(373160k free), swap 7982140k(2808k free)

vm_info: OpenJDK 64-Bit Server VM (25.212-b04) for windows-amd64 JRE (1.8.0_212-release-1586-b04), built by "builder" with MS VC++ 10.0 (VS2010)

time: Mon Jul 27 23:41:21 2020
timezone: SE Asia Standard Time
elapsed time: 46 seconds (0d 0h 0m 46s)

